{
"contracts\\FinBridgeAnalytics.sol":{"l":{"44":0,"58":0,"59":0,"62":0,"65":0,"66":0,"67":0,"70":0,"71":0,"73":0,"75":0,"79":0,"80":0,"81":0,"83":0,"87":0,"88":0,"89":0,"93":0,"95":0,"96":0,"105":0,"106":0,"107":0,"108":0,"112":0,"113":0,"115":0,"119":0,"123":0,"127":0},"path":"C:\\Users\\ASUS\\OneDrive\\Desktop\\FinBridge\\backend\\contracts\\FinBridgeAnalytics.sol","s":{"1":0,"2":0,"3":0,"4":0,"5":0,"6":0,"7":0,"8":0,"9":0,"10":0,"11":0,"12":0},"b":{"1":[0,0],"2":[0,0],"3":[0,0],"4":[0,0]},"f":{"1":0,"2":0,"3":0,"4":0,"5":0,"6":0,"7":0,"8":0},"fnMap":{"1":{"name":"constructor","line":43,"loc":{"start":{"line":43,"column":4},"end":{"line":55,"column":4}}},"2":{"name":"recordLoanCreation","line":57,"loc":{"start":{"line":57,"column":4},"end":{"line":76,"column":4}}},"3":{"name":"recordLoanFunding","line":78,"loc":{"start":{"line":78,"column":4},"end":{"line":84,"column":4}}},"4":{"name":"recordInterestPayment","line":86,"loc":{"start":{"line":86,"column":4},"end":{"line":90,"column":4}}},"5":{"name":"_recordDailyStats","line":92,"loc":{"start":{"line":92,"column":4},"end":{"line":116,"column":4}}},"6":{"name":"getMetrics","line":118,"loc":{"start":{"line":118,"column":4},"end":{"line":120,"column":4}}},"7":{"name":"getDailyStats","line":122,"loc":{"start":{"line":122,"column":4},"end":{"line":124,"column":4}}},"8":{"name":"getUserStats","line":126,"loc":{"start":{"line":126,"column":4},"end":{"line":128,"column":4}}}},"statementMap":{"1":{"start":{"line":65,"column":8},"end":{"line":65,"column":2023}},"2":{"start":{"line":73,"column":8},"end":{"line":73,"column":48}},"3":{"start":{"line":75,"column":8},"end":{"line":75,"column":104}},"4":{"start":{"line":83,"column":8},"end":{"line":83,"column":47}},"5":{"start":{"line":93,"column":8},"end":{"line":93,"column":77}},"6":{"start":{"line":95,"column":8},"end":{"line":95,"column":3143}},"7":{"start":{"line":105,"column":8},"end":{"line":105,"column":3420}},"8":{"start":{"line":107,"column":12},"end":{"line":107,"column":3495}},"9":{"start":{"line":115,"column":8},"end":{"line":115,"column":97}},"10":{"start":{"line":119,"column":8},"end":{"line":119,"column":22}},"11":{"start":{"line":123,"column":8},"end":{"line":123,"column":31}},"12":{"start":{"line":127,"column":8},"end":{"line":127,"column":60}}},"branchMap":{"1":{"line":65,"type":"if","locations":[{"start":{"line":65,"column":8},"end":{"line":65,"column":8}},{"start":{"line":65,"column":8},"end":{"line":65,"column":8}}]},"2":{"line":95,"type":"if","locations":[{"start":{"line":95,"column":8},"end":{"line":95,"column":8}},{"start":{"line":95,"column":8},"end":{"line":95,"column":8}}]},"3":{"line":105,"type":"if","locations":[{"start":{"line":105,"column":8},"end":{"line":105,"column":8}},{"start":{"line":105,"column":8},"end":{"line":105,"column":8}}]},"4":{"line":107,"type":"if","locations":[{"start":{"line":107,"column":12},"end":{"line":107,"column":12}},{"start":{"line":107,"column":12},"end":{"line":107,"column":12}}]}}},
"contracts\\FinBridgeExtensions.sol":{"l":{"28":0,"29":0,"31":0,"33":0,"43":0,"45":0,"49":0,"53":0},"path":"C:\\Users\\ASUS\\OneDrive\\Desktop\\FinBridge\\backend\\contracts\\FinBridgeExtensions.sol","s":{"1":0,"2":0,"3":0,"4":0,"5":0,"6":0,"7":0},"b":{"1":[0,0],"2":[0,0]},"f":{"1":0,"2":0,"3":0},"fnMap":{"1":{"name":"requestLoanExtension","line":27,"loc":{"start":{"line":27,"column":4},"end":{"line":46,"column":4}}},"2":{"name":"getExtension","line":48,"loc":{"start":{"line":48,"column":4},"end":{"line":50,"column":4}}},"3":{"name":"getUserExtensions","line":52,"loc":{"start":{"line":52,"column":4},"end":{"line":54,"column":4}}}},"statementMap":{"1":{"start":{"line":28,"column":8},"end":{"line":28,"column":79}},"2":{"start":{"line":29,"column":8},"end":{"line":29,"column":70}},"3":{"start":{"line":31,"column":8},"end":{"line":31,"column":47}},"4":{"start":{"line":43,"column":8},"end":{"line":43,"column":51}},"5":{"start":{"line":45,"column":8},"end":{"line":45,"column":72}},"6":{"start":{"line":49,"column":8},"end":{"line":49,"column":42}},"7":{"start":{"line":53,"column":8},"end":{"line":53,"column":35}}},"branchMap":{"1":{"line":28,"type":"if","locations":[{"start":{"line":28,"column":8},"end":{"line":28,"column":8}},{"start":{"line":28,"column":8},"end":{"line":28,"column":8}}]},"2":{"line":29,"type":"if","locations":[{"start":{"line":29,"column":8},"end":{"line":29,"column":8}},{"start":{"line":29,"column":8},"end":{"line":29,"column":8}}]}}},
"contracts\\FinBridgeGovernance.sol":{"l":{"44":0,"45":0,"47":0,"49":0,"60":0,"64":0,"65":0,"66":0,"67":0,"69":0,"71":0,"72":0,"74":0,"77":0,"81":0,"82":0,"83":0,"85":0,"87":0,"91":0,"95":0,"96":0,"98":0,"99":0,"100":0,"101":0,"105":0},"path":"C:\\Users\\ASUS\\OneDrive\\Desktop\\FinBridge\\backend\\contracts\\FinBridgeGovernance.sol","s":{"1":0,"2":0,"3":0,"4":0,"5":0,"6":0,"7":0,"8":0,"9":0,"10":0,"11":0,"12":0,"13":0,"14":0,"15":0,"16":0,"17":0,"18":0,"19":0,"20":0},"b":{"1":[0,0],"2":[0,0],"3":[0,0],"4":[0,0],"5":[0,0],"6":[0,0],"7":[0,0],"8":[0,0],"9":[0,0],"10":[0,0],"11":[0,0]},"f":{"1":0,"2":0,"3":0,"4":0,"5":0},"fnMap":{"1":{"name":"createProposal","line":43,"loc":{"start":{"line":43,"column":4},"end":{"line":61,"column":4}}},"2":{"name":"vote","line":63,"loc":{"start":{"line":63,"column":4},"end":{"line":78,"column":4}}},"3":{"name":"executeProposal","line":80,"loc":{"start":{"line":80,"column":4},"end":{"line":88,"column":4}}},"4":{"name":"getProposal","line":90,"loc":{"start":{"line":90,"column":4},"end":{"line":92,"column":4}}},"5":{"name":"getUserVotes","line":94,"loc":{"start":{"line":94,"column":4},"end":{"line":106,"column":4}}}},"statementMap":{"1":{"start":{"line":44,"column":8},"end":{"line":44,"column":88}},"2":{"start":{"line":45,"column":8},"end":{"line":45,"column":76}},"3":{"start":{"line":47,"column":8},"end":{"line":47,"column":45}},"4":{"start":{"line":60,"column":8},"end":{"line":60,"column":65}},"5":{"start":{"line":64,"column":8},"end":{"line":64,"column":76}},"6":{"start":{"line":65,"column":8},"end":{"line":65,"column":87}},"7":{"start":{"line":66,"column":8},"end":{"line":66,"column":66}},"8":{"start":{"line":67,"column":8},"end":{"line":67,"column":88}},"9":{"start":{"line":71,"column":8},"end":{"line":71,"column":2482}},"10":{"start":{"line":77,"column":8},"end":{"line":77,"column":54}},"11":{"start":{"line":81,"column":8},"end":{"line":81,"column":92}},"12":{"start":{"line":82,"column":8},"end":{"line":82,"column":76}},"13":{"start":{"line":83,"column":8},"end":{"line":83,"column":108}},"14":{"start":{"line":87,"column":8},"end":{"line":87,"column":47}},"15":{"start":{"line":91,"column":8},"end":{"line":91,"column":36}},"16":{"start":{"line":95,"column":8},"end":{"line":95,"column":61}},"17":{"start":{"line":96,"column":8},"end":{"line":96,"column":25}},"18":{"start":{"line":98,"column":8},"end":{"line":98,"column":3492}},"19":{"start":{"line":99,"column":12},"end":{"line":99,"column":3570}},"20":{"start":{"line":105,"column":8},"end":{"line":105,"column":30}}},"branchMap":{"1":{"line":44,"type":"if","locations":[{"start":{"line":44,"column":8},"end":{"line":44,"column":8}},{"start":{"line":44,"column":8},"end":{"line":44,"column":8}}]},"2":{"line":45,"type":"if","locations":[{"start":{"line":45,"column":8},"end":{"line":45,"column":8}},{"start":{"line":45,"column":8},"end":{"line":45,"column":8}}]},"3":{"line":64,"type":"if","locations":[{"start":{"line":64,"column":8},"end":{"line":64,"column":8}},{"start":{"line":64,"column":8},"end":{"line":64,"column":8}}]},"4":{"line":65,"type":"if","locations":[{"start":{"line":65,"column":8},"end":{"line":65,"column":8}},{"start":{"line":65,"column":8},"end":{"line":65,"column":8}}]},"5":{"line":66,"type":"if","locations":[{"start":{"line":66,"column":8},"end":{"line":66,"column":8}},{"start":{"line":66,"column":8},"end":{"line":66,"column":8}}]},"6":{"line":67,"type":"if","locations":[{"start":{"line":67,"column":8},"end":{"line":67,"column":8}},{"start":{"line":67,"column":8},"end":{"line":67,"column":8}}]},"7":{"line":71,"type":"if","locations":[{"start":{"line":71,"column":8},"end":{"line":71,"column":8}},{"start":{"line":71,"column":8},"end":{"line":71,"column":8}}]},"8":{"line":81,"type":"if","locations":[{"start":{"line":81,"column":8},"end":{"line":81,"column":8}},{"start":{"line":81,"column":8},"end":{"line":81,"column":8}}]},"9":{"line":82,"type":"if","locations":[{"start":{"line":82,"column":8},"end":{"line":82,"column":8}},{"start":{"line":82,"column":8},"end":{"line":82,"column":8}}]},"10":{"line":83,"type":"if","locations":[{"start":{"line":83,"column":8},"end":{"line":83,"column":8}},{"start":{"line":83,"column":8},"end":{"line":83,"column":8}}]},"11":{"line":99,"type":"if","locations":[{"start":{"line":99,"column":12},"end":{"line":99,"column":12}},{"start":{"line":99,"column":12},"end":{"line":99,"column":12}}]}}},
"contracts\\FinBridgeInsurance.sol":{"l":{"36":0,"37":0,"38":0,"40":0,"41":0,"43":0,"45":0,"57":0,"59":0,"63":0,"64":0,"66":0,"67":0,"68":0,"70":0,"72":0,"73":0,"75":0,"79":0,"83":0,"87":0},"path":"C:\\Users\\ASUS\\OneDrive\\Desktop\\FinBridge\\backend\\contracts\\FinBridgeInsurance.sol","s":{"1":0,"2":0,"3":0,"4":0,"5":0,"6":0,"7":0,"8":0,"9":0,"10":0,"11":0,"12":0,"13":0,"14":0,"15":0,"16":0,"17":0,"18":0},"b":{"1":[0,0],"2":[0,0],"3":[0,0],"4":[0,0],"5":[0,0],"6":[0,0],"7":[0,0],"8":[0,0],"9":[0,0]},"f":{"1":0,"2":0,"3":0,"4":0,"5":0},"fnMap":{"1":{"name":"createInsurancePolicy","line":35,"loc":{"start":{"line":35,"column":4},"end":{"line":60,"column":4}}},"2":{"name":"processClaim","line":62,"loc":{"start":{"line":62,"column":4},"end":{"line":76,"column":4}}},"3":{"name":"getPolicy","line":78,"loc":{"start":{"line":78,"column":4},"end":{"line":80,"column":4}}},"4":{"name":"getUserPolicies","line":82,"loc":{"start":{"line":82,"column":4},"end":{"line":84,"column":4}}},"5":{"name":"getInsurancePool","line":86,"loc":{"start":{"line":86,"column":4},"end":{"line":88,"column":4}}}},"statementMap":{"1":{"start":{"line":36,"column":8},"end":{"line":36,"column":70}},"2":{"start":{"line":37,"column":8},"end":{"line":37,"column":68}},"3":{"start":{"line":38,"column":8},"end":{"line":38,"column":63}},"4":{"start":{"line":40,"column":8},"end":{"line":40,"column":35}},"5":{"start":{"line":41,"column":8},"end":{"line":41,"column":74}},"6":{"start":{"line":43,"column":8},"end":{"line":43,"column":41}},"7":{"start":{"line":57,"column":8},"end":{"line":57,"column":46}},"8":{"start":{"line":59,"column":8},"end":{"line":59,"column":64}},"9":{"start":{"line":63,"column":8},"end":{"line":63,"column":67}},"10":{"start":{"line":64,"column":8},"end":{"line":64,"column":77}},"11":{"start":{"line":66,"column":8},"end":{"line":66,"column":59}},"12":{"start":{"line":70,"column":8},"end":{"line":70,"column":52}},"13":{"start":{"line":72,"column":8},"end":{"line":72,"column":71}},"14":{"start":{"line":73,"column":8},"end":{"line":73,"column":46}},"15":{"start":{"line":75,"column":8},"end":{"line":75,"column":67}},"16":{"start":{"line":79,"column":8},"end":{"line":79,"column":33}},"17":{"start":{"line":83,"column":8},"end":{"line":83,"column":33}},"18":{"start":{"line":87,"column":8},"end":{"line":87,"column":36}}},"branchMap":{"1":{"line":35,"type":"if","locations":[{"start":{"line":35,"column":90},"end":{"line":35,"column":90}},{"start":{"line":35,"column":90},"end":{"line":35,"column":90}}]},"2":{"line":36,"type":"if","locations":[{"start":{"line":36,"column":8},"end":{"line":36,"column":8}},{"start":{"line":36,"column":8},"end":{"line":36,"column":8}}]},"3":{"line":37,"type":"if","locations":[{"start":{"line":37,"column":8},"end":{"line":37,"column":8}},{"start":{"line":37,"column":8},"end":{"line":37,"column":8}}]},"4":{"line":38,"type":"if","locations":[{"start":{"line":38,"column":8},"end":{"line":38,"column":8}},{"start":{"line":38,"column":8},"end":{"line":38,"column":8}}]},"5":{"line":62,"type":"if","locations":[{"start":{"line":62,"column":53},"end":{"line":62,"column":53}},{"start":{"line":62,"column":53},"end":{"line":62,"column":53}}]},"6":{"line":62,"type":"if","locations":[{"start":{"line":62,"column":63},"end":{"line":62,"column":63}},{"start":{"line":62,"column":63},"end":{"line":62,"column":63}}]},"7":{"line":63,"type":"if","locations":[{"start":{"line":63,"column":8},"end":{"line":63,"column":8}},{"start":{"line":63,"column":8},"end":{"line":63,"column":8}}]},"8":{"line":64,"type":"if","locations":[{"start":{"line":64,"column":8},"end":{"line":64,"column":8}},{"start":{"line":64,"column":8},"end":{"line":64,"column":8}}]},"9":{"line":73,"type":"if","locations":[{"start":{"line":73,"column":8},"end":{"line":73,"column":8}},{"start":{"line":73,"column":8},"end":{"line":73,"column":8}}]}}},
"contracts\\FinBridgeLending.sol":{"l":{"55":42,"56":39,"60":7,"61":5,"65":14,"66":14,"70":11,"71":11,"75":11,"76":10,"80":9,"81":9,"86":46,"87":44,"89":44,"90":44,"93":44,"97":2,"98":1,"99":1,"103":2,"111":32,"114":32,"116":1,"119":25,"122":0,"125":1,"128":0,"131":4,"135":32,"137":26,"140":2,"143":1,"146":3,"149":32,"160":30,"162":27,"166":25,"168":25,"169":25,"171":25,"185":25,"187":25,"201":9,"202":9,"203":8,"205":7,"206":7,"207":7,"209":7,"210":7,"211":7,"214":7,"215":7,"217":7,"229":1,"230":1,"232":1,"243":3,"244":3,"246":2,"247":2,"249":0,"252":0,"253":0,"255":0,"260":5,"264":2,"265":2,"268":2,"269":4,"272":4,"277":2,"278":2,"279":2,"280":4,"283":4,"284":4,"288":2,"292":2,"296":0,"300":0,"305":2,"309":1,"314":0,"315":0},"path":"C:\\Users\\ASUS\\OneDrive\\Desktop\\FinBridge\\backend\\contracts\\FinBridgeLending.sol","s":{"1":42,"2":7,"3":14,"4":11,"5":11,"6":9,"7":46,"8":44,"9":44,"10":2,"11":1,"12":2,"13":32,"14":32,"15":31,"16":6,"17":6,"18":5,"19":5,"20":32,"21":6,"22":4,"23":3,"24":32,"25":30,"26":27,"27":25,"28":25,"29":25,"30":25,"31":25,"32":9,"33":9,"34":8,"35":7,"36":7,"37":7,"38":7,"39":1,"40":1,"41":3,"42":3,"43":2,"44":2,"45":0,"46":0,"47":0,"48":5,"49":2,"50":2,"51":2,"52":4,"53":2,"54":2,"55":2,"56":4,"57":2,"58":2,"59":0,"60":0,"61":2,"62":1,"63":0,"64":0},"b":{"1":[39,3],"2":[5,2],"3":[14,0],"4":[11,0],"5":[10,1],"6":[9,0],"7":[44,2],"8":[44,0],"9":[1,1],"10":[1,31],"11":[25,6],"12":[0,6],"13":[1,5],"14":[0,5],"15":[4,1],"16":[26,6],"17":[2,4],"18":[1,3],"19":[3,0],"20":[30,1],"21":[30,0],"22":[30,0],"23":[27,3],"24":[25,2],"25":[9,2],"26":[9,0],"27":[9,0],"28":[9,0],"29":[9,0],"30":[9,0],"31":[9,0],"32":[8,1],"33":[7,1],"34":[7,0],"35":[2,1],"36":[2,0],"37":[2,0],"38":[1,1],"39":[1,0],"40":[1,0],"41":[3,1],"42":[3,0],"43":[3,0],"44":[3,0],"45":[2,1],"46":[0,2],"47":[0,0],"48":[4,0],"49":[4,0],"50":[2,1],"51":[1,0],"52":[0,0],"53":[0,0]},"f":{"1":42,"2":7,"3":14,"4":11,"5":11,"6":9,"7":46,"8":2,"9":2,"10":32,"11":30,"12":9,"13":1,"14":3,"15":5,"16":2,"17":2,"18":0,"19":0,"20":2,"21":1,"22":0},"fnMap":{"1":{"name":"onlyConnectedWallet","line":54,"loc":{"start":{"line":54,"column":4},"end":{"line":57,"column":4}}},"2":{"name":"onlyBorrower","line":59,"loc":{"start":{"line":59,"column":4},"end":{"line":62,"column":4}}},"3":{"name":"loanExists","line":64,"loc":{"start":{"line":64,"column":4},"end":{"line":67,"column":4}}},"4":{"name":"loanActive","line":69,"loc":{"start":{"line":69,"column":4},"end":{"line":72,"column":4}}},"5":{"name":"loanNotFunded","line":74,"loc":{"start":{"line":74,"column":4},"end":{"line":77,"column":4}}},"6":{"name":"loanNotExpired","line":79,"loc":{"start":{"line":79,"column":4},"end":{"line":82,"column":4}}},"7":{"name":"connectWallet","line":85,"loc":{"start":{"line":85,"column":4},"end":{"line":94,"column":4}}},"8":{"name":"disconnectWallet","line":96,"loc":{"start":{"line":96,"column":4},"end":{"line":100,"column":4}}},"9":{"name":"isWalletConnected","line":102,"loc":{"start":{"line":102,"column":4},"end":{"line":104,"column":4}}},"10":{"name":"calculateInterestRate","line":110,"loc":{"start":{"line":110,"column":4},"end":{"line":150,"column":4}}},"11":{"name":"createLoanRequest","line":157,"loc":{"start":{"line":153,"column":4},"end":{"line":188,"column":4}}},"12":{"name":"fundLoan","line":199,"loc":{"start":{"line":190,"column":4},"end":{"line":218,"column":4}}},"13":{"name":"withdrawLoanRequest","line":227,"loc":{"start":{"line":220,"column":4},"end":{"line":233,"column":4}}},"14":{"name":"repayLoan","line":241,"loc":{"start":{"line":235,"column":4},"end":{"line":256,"column":4}}},"15":{"name":"getLoanRequest","line":259,"loc":{"start":{"line":259,"column":4},"end":{"line":261,"column":4}}},"16":{"name":"getActiveLoanRequests","line":263,"loc":{"start":{"line":263,"column":4},"end":{"line":289,"column":4}}},"17":{"name":"getUserLoanRequests","line":291,"loc":{"start":{"line":291,"column":4},"end":{"line":293,"column":4}}},"18":{"name":"getUserFundedLoans","line":295,"loc":{"start":{"line":295,"column":4},"end":{"line":297,"column":4}}},"19":{"name":"getUserStats","line":299,"loc":{"start":{"line":299,"column":4},"end":{"line":301,"column":4}}},"20":{"name":"pause","line":304,"loc":{"start":{"line":304,"column":4},"end":{"line":306,"column":4}}},"21":{"name":"unpause","line":308,"loc":{"start":{"line":308,"column":4},"end":{"line":310,"column":4}}},"22":{"name":"emergencyWithdraw","line":313,"loc":{"start":{"line":313,"column":4},"end":{"line":316,"column":4}}}},"statementMap":{"1":{"start":{"line":55,"column":8},"end":{"line":55,"column":112}},"2":{"start":{"line":60,"column":8},"end":{"line":60,"column":104}},"3":{"start":{"line":65,"column":8},"end":{"line":65,"column":75}},"4":{"start":{"line":70,"column":8},"end":{"line":70,"column":75}},"5":{"start":{"line":75,"column":8},"end":{"line":75,"column":72}},"6":{"start":{"line":80,"column":8},"end":{"line":80,"column":92}},"7":{"start":{"line":86,"column":8},"end":{"line":86,"column":73}},"8":{"start":{"line":89,"column":8},"end":{"line":89,"column":3228}},"9":{"start":{"line":93,"column":8},"end":{"line":93,"column":40}},"10":{"start":{"line":97,"column":8},"end":{"line":97,"column":68}},"11":{"start":{"line":99,"column":8},"end":{"line":99,"column":43}},"12":{"start":{"line":103,"column":8},"end":{"line":103,"column":37}},"13":{"start":{"line":111,"column":8},"end":{"line":111,"column":49}},"14":{"start":{"line":114,"column":8},"end":{"line":114,"column":4177}},"15":{"start":{"line":117,"column":15},"end":{"line":117,"column":4305}},"16":{"start":{"line":120,"column":15},"end":{"line":120,"column":4458}},"17":{"start":{"line":123,"column":15},"end":{"line":123,"column":4588}},"18":{"start":{"line":126,"column":15},"end":{"line":126,"column":4720}},"19":{"start":{"line":129,"column":15},"end":{"line":129,"column":4854}},"20":{"start":{"line":135,"column":8},"end":{"line":135,"column":5062}},"21":{"start":{"line":138,"column":15},"end":{"line":138,"column":5192}},"22":{"start":{"line":141,"column":15},"end":{"line":141,"column":5325}},"23":{"start":{"line":144,"column":15},"end":{"line":144,"column":5460}},"24":{"start":{"line":149,"column":8},"end":{"line":149,"column":27}},"25":{"start":{"line":160,"column":8},"end":{"line":160,"column":6004}},"26":{"start":{"line":162,"column":8},"end":{"line":162,"column":6144}},"27":{"start":{"line":166,"column":8},"end":{"line":166,"column":80}},"28":{"start":{"line":168,"column":8},"end":{"line":168,"column":37}},"29":{"start":{"line":169,"column":8},"end":{"line":169,"column":53}},"30":{"start":{"line":185,"column":8},"end":{"line":185,"column":50}},"31":{"start":{"line":187,"column":8},"end":{"line":187,"column":93}},"32":{"start":{"line":201,"column":8},"end":{"line":201,"column":55}},"33":{"start":{"line":202,"column":8},"end":{"line":202,"column":72}},"34":{"start":{"line":203,"column":8},"end":{"line":203,"column":71}},"35":{"start":{"line":209,"column":8},"end":{"line":209,"column":49}},"36":{"start":{"line":214,"column":8},"end":{"line":214,"column":67}},"37":{"start":{"line":215,"column":8},"end":{"line":215,"column":54}},"38":{"start":{"line":217,"column":8},"end":{"line":217,"column":71}},"39":{"start":{"line":229,"column":8},"end":{"line":229,"column":55}},"40":{"start":{"line":232,"column":8},"end":{"line":232,"column":53}},"41":{"start":{"line":243,"column":8},"end":{"line":243,"column":55}},"42":{"start":{"line":244,"column":8},"end":{"line":244,"column":51}},"43":{"start":{"line":246,"column":8},"end":{"line":246,"column":86}},"44":{"start":{"line":247,"column":8},"end":{"line":247,"column":79}},"45":{"start":{"line":252,"column":8},"end":{"line":252,"column":65}},"46":{"start":{"line":253,"column":8},"end":{"line":253,"column":52}},"47":{"start":{"line":255,"column":8},"end":{"line":255,"column":59}},"48":{"start":{"line":260,"column":8},"end":{"line":260,"column":35}},"49":{"start":{"line":264,"column":8},"end":{"line":264,"column":25}},"50":{"start":{"line":265,"column":8},"end":{"line":265,"column":43}},"51":{"start":{"line":268,"column":8},"end":{"line":268,"column":9771}},"52":{"start":{"line":269,"column":12},"end":{"line":269,"column":9832}},"53":{"start":{"line":277,"column":8},"end":{"line":277,"column":59}},"54":{"start":{"line":278,"column":8},"end":{"line":278,"column":25}},"55":{"start":{"line":279,"column":8},"end":{"line":279,"column":10198}},"56":{"start":{"line":280,"column":12},"end":{"line":280,"column":10259}},"57":{"start":{"line":288,"column":8},"end":{"line":288,"column":26}},"58":{"start":{"line":292,"column":8},"end":{"line":292,"column":39}},"59":{"start":{"line":296,"column":8},"end":{"line":296,"column":38}},"60":{"start":{"line":300,"column":8},"end":{"line":300,"column":65}},"61":{"start":{"line":305,"column":8},"end":{"line":305,"column":15}},"62":{"start":{"line":309,"column":8},"end":{"line":309,"column":17}},"63":{"start":{"line":314,"column":8},"end":{"line":314,"column":73}},"64":{"start":{"line":315,"column":8},"end":{"line":315,"column":54}}},"branchMap":{"1":{"line":55,"type":"if","locations":[{"start":{"line":55,"column":8},"end":{"line":55,"column":8}},{"start":{"line":55,"column":8},"end":{"line":55,"column":8}}]},"2":{"line":60,"type":"if","locations":[{"start":{"line":60,"column":8},"end":{"line":60,"column":8}},{"start":{"line":60,"column":8},"end":{"line":60,"column":8}}]},"3":{"line":65,"type":"if","locations":[{"start":{"line":65,"column":8},"end":{"line":65,"column":8}},{"start":{"line":65,"column":8},"end":{"line":65,"column":8}}]},"4":{"line":70,"type":"if","locations":[{"start":{"line":70,"column":8},"end":{"line":70,"column":8}},{"start":{"line":70,"column":8},"end":{"line":70,"column":8}}]},"5":{"line":75,"type":"if","locations":[{"start":{"line":75,"column":8},"end":{"line":75,"column":8}},{"start":{"line":75,"column":8},"end":{"line":75,"column":8}}]},"6":{"line":80,"type":"if","locations":[{"start":{"line":80,"column":8},"end":{"line":80,"column":8}},{"start":{"line":80,"column":8},"end":{"line":80,"column":8}}]},"7":{"line":86,"type":"if","locations":[{"start":{"line":86,"column":8},"end":{"line":86,"column":8}},{"start":{"line":86,"column":8},"end":{"line":86,"column":8}}]},"8":{"line":89,"type":"if","locations":[{"start":{"line":89,"column":8},"end":{"line":89,"column":8}},{"start":{"line":89,"column":8},"end":{"line":89,"column":8}}]},"9":{"line":97,"type":"if","locations":[{"start":{"line":97,"column":8},"end":{"line":97,"column":8}},{"start":{"line":97,"column":8},"end":{"line":97,"column":8}}]},"10":{"line":114,"type":"if","locations":[{"start":{"line":114,"column":8},"end":{"line":114,"column":8}},{"start":{"line":114,"column":8},"end":{"line":114,"column":8}}]},"11":{"line":117,"type":"if","locations":[{"start":{"line":117,"column":15},"end":{"line":117,"column":15}},{"start":{"line":117,"column":15},"end":{"line":117,"column":15}}]},"12":{"line":120,"type":"if","locations":[{"start":{"line":120,"column":15},"end":{"line":120,"column":15}},{"start":{"line":120,"column":15},"end":{"line":120,"column":15}}]},"13":{"line":123,"type":"if","locations":[{"start":{"line":123,"column":15},"end":{"line":123,"column":15}},{"start":{"line":123,"column":15},"end":{"line":123,"column":15}}]},"14":{"line":126,"type":"if","locations":[{"start":{"line":126,"column":15},"end":{"line":126,"column":15}},{"start":{"line":126,"column":15},"end":{"line":126,"column":15}}]},"15":{"line":129,"type":"if","locations":[{"start":{"line":129,"column":15},"end":{"line":129,"column":15}},{"start":{"line":129,"column":15},"end":{"line":129,"column":15}}]},"16":{"line":135,"type":"if","locations":[{"start":{"line":135,"column":8},"end":{"line":135,"column":8}},{"start":{"line":135,"column":8},"end":{"line":135,"column":8}}]},"17":{"line":138,"type":"if","locations":[{"start":{"line":138,"column":15},"end":{"line":138,"column":15}},{"start":{"line":138,"column":15},"end":{"line":138,"column":15}}]},"18":{"line":141,"type":"if","locations":[{"start":{"line":141,"column":15},"end":{"line":141,"column":15}},{"start":{"line":141,"column":15},"end":{"line":141,"column":15}}]},"19":{"line":144,"type":"if","locations":[{"start":{"line":144,"column":15},"end":{"line":144,"column":15}},{"start":{"line":144,"column":15},"end":{"line":144,"column":15}}]},"20":{"line":155,"type":"if","locations":[{"start":{"line":155,"column":8},"end":{"line":155,"column":8}},{"start":{"line":155,"column":8},"end":{"line":155,"column":8}}]},"21":{"line":156,"type":"if","locations":[{"start":{"line":156,"column":8},"end":{"line":156,"column":8}},{"start":{"line":156,"column":8},"end":{"line":156,"column":8}}]},"22":{"line":157,"type":"if","locations":[{"start":{"line":157,"column":8},"end":{"line":157,"column":8}},{"start":{"line":157,"column":8},"end":{"line":157,"column":8}}]},"23":{"line":160,"type":"if","locations":[{"start":{"line":160,"column":8},"end":{"line":160,"column":8}},{"start":{"line":160,"column":8},"end":{"line":160,"column":8}}]},"24":{"line":162,"type":"if","locations":[{"start":{"line":162,"column":8},"end":{"line":162,"column":8}},{"start":{"line":162,"column":8},"end":{"line":162,"column":8}}]},"25":{"line":193,"type":"if","locations":[{"start":{"line":193,"column":8},"end":{"line":193,"column":8}},{"start":{"line":193,"column":8},"end":{"line":193,"column":8}}]},"26":{"line":194,"type":"if","locations":[{"start":{"line":194,"column":8},"end":{"line":194,"column":8}},{"start":{"line":194,"column":8},"end":{"line":194,"column":8}}]},"27":{"line":195,"type":"if","locations":[{"start":{"line":195,"column":8},"end":{"line":195,"column":8}},{"start":{"line":195,"column":8},"end":{"line":195,"column":8}}]},"28":{"line":196,"type":"if","locations":[{"start":{"line":196,"column":8},"end":{"line":196,"column":8}},{"start":{"line":196,"column":8},"end":{"line":196,"column":8}}]},"29":{"line":197,"type":"if","locations":[{"start":{"line":197,"column":8},"end":{"line":197,"column":8}},{"start":{"line":197,"column":8},"end":{"line":197,"column":8}}]},"30":{"line":198,"type":"if","locations":[{"start":{"line":198,"column":8},"end":{"line":198,"column":8}},{"start":{"line":198,"column":8},"end":{"line":198,"column":8}}]},"31":{"line":199,"type":"if","locations":[{"start":{"line":199,"column":8},"end":{"line":199,"column":8}},{"start":{"line":199,"column":8},"end":{"line":199,"column":8}}]},"32":{"line":202,"type":"if","locations":[{"start":{"line":202,"column":8},"end":{"line":202,"column":8}},{"start":{"line":202,"column":8},"end":{"line":202,"column":8}}]},"33":{"line":203,"type":"if","locations":[{"start":{"line":203,"column":8},"end":{"line":203,"column":8}},{"start":{"line":203,"column":8},"end":{"line":203,"column":8}}]},"34":{"line":215,"type":"if","locations":[{"start":{"line":215,"column":8},"end":{"line":215,"column":8}},{"start":{"line":215,"column":8},"end":{"line":215,"column":8}}]},"35":{"line":222,"type":"if","locations":[{"start":{"line":222,"column":8},"end":{"line":222,"column":8}},{"start":{"line":222,"column":8},"end":{"line":222,"column":8}}]},"36":{"line":223,"type":"if","locations":[{"start":{"line":223,"column":8},"end":{"line":223,"column":8}},{"start":{"line":223,"column":8},"end":{"line":223,"column":8}}]},"37":{"line":224,"type":"if","locations":[{"start":{"line":224,"column":8},"end":{"line":224,"column":8}},{"start":{"line":224,"column":8},"end":{"line":224,"column":8}}]},"38":{"line":225,"type":"if","locations":[{"start":{"line":225,"column":8},"end":{"line":225,"column":8}},{"start":{"line":225,"column":8},"end":{"line":225,"column":8}}]},"39":{"line":226,"type":"if","locations":[{"start":{"line":226,"column":8},"end":{"line":226,"column":8}},{"start":{"line":226,"column":8},"end":{"line":226,"column":8}}]},"40":{"line":227,"type":"if","locations":[{"start":{"line":227,"column":8},"end":{"line":227,"column":8}},{"start":{"line":227,"column":8},"end":{"line":227,"column":8}}]},"41":{"line":238,"type":"if","locations":[{"start":{"line":238,"column":8},"end":{"line":238,"column":8}},{"start":{"line":238,"column":8},"end":{"line":238,"column":8}}]},"42":{"line":239,"type":"if","locations":[{"start":{"line":239,"column":8},"end":{"line":239,"column":8}},{"start":{"line":239,"column":8},"end":{"line":239,"column":8}}]},"43":{"line":240,"type":"if","locations":[{"start":{"line":240,"column":8},"end":{"line":240,"column":8}},{"start":{"line":240,"column":8},"end":{"line":240,"column":8}}]},"44":{"line":241,"type":"if","locations":[{"start":{"line":241,"column":8},"end":{"line":241,"column":8}},{"start":{"line":241,"column":8},"end":{"line":241,"column":8}}]},"45":{"line":244,"type":"if","locations":[{"start":{"line":244,"column":8},"end":{"line":244,"column":8}},{"start":{"line":244,"column":8},"end":{"line":244,"column":8}}]},"46":{"line":247,"type":"if","locations":[{"start":{"line":247,"column":8},"end":{"line":247,"column":8}},{"start":{"line":247,"column":8},"end":{"line":247,"column":8}}]},"47":{"line":253,"type":"if","locations":[{"start":{"line":253,"column":8},"end":{"line":253,"column":8}},{"start":{"line":253,"column":8},"end":{"line":253,"column":8}}]},"48":{"line":269,"type":"if","locations":[{"start":{"line":269,"column":12},"end":{"line":269,"column":12}},{"start":{"line":269,"column":12},"end":{"line":269,"column":12}}]},"49":{"line":280,"type":"if","locations":[{"start":{"line":280,"column":12},"end":{"line":280,"column":12}},{"start":{"line":280,"column":12},"end":{"line":280,"column":12}}]},"50":{"line":304,"type":"if","locations":[{"start":{"line":304,"column":30},"end":{"line":304,"column":30}},{"start":{"line":304,"column":30},"end":{"line":304,"column":30}}]},"51":{"line":308,"type":"if","locations":[{"start":{"line":308,"column":32},"end":{"line":308,"column":32}},{"start":{"line":308,"column":32},"end":{"line":308,"column":32}}]},"52":{"line":313,"type":"if","locations":[{"start":{"line":313,"column":42},"end":{"line":313,"column":42}},{"start":{"line":313,"column":42},"end":{"line":313,"column":42}}]},"53":{"line":315,"type":"if","locations":[{"start":{"line":315,"column":8},"end":{"line":315,"column":8}},{"start":{"line":315,"column":8},"end":{"line":315,"column":8}}]}}},
"contracts\\FinBridgeMultiSig.sol":{"l":{"34":0,"35":0,"36":0,"37":0,"38":0,"41":0,"42":0,"46":0,"47":0,"51":0,"52":0,"56":0,"57":0,"59":0,"60":0,"62":0,"63":0,"68":0,"70":0,"79":0,"83":0,"85":0,"87":0,"88":0,"90":0,"92":0,"93":0,"98":0,"100":0,"102":0,"103":0,"105":0,"109":0,"113":0,"117":0,"121":0,"123":0,"124":0,"128":0,"129":0,"131":0,"134":0,"135":0,"136":0,"137":0,"140":0,"144":0,"145":0},"path":"C:\\Users\\ASUS\\OneDrive\\Desktop\\FinBridge\\backend\\contracts\\FinBridgeMultiSig.sol","s":{"1":0,"2":0,"3":0,"4":0,"5":0,"6":0,"7":0,"8":0,"9":0,"10":0,"11":0,"12":0,"13":0,"14":0,"15":0,"16":0,"17":0,"18":0,"19":0,"20":0,"21":0,"22":0,"23":0,"24":0,"25":0,"26":0,"27":0,"28":0,"29":0,"30":0,"31":0},"b":{"1":[0,0],"2":[0,0],"3":[0,0],"4":[0,0],"5":[0,0],"6":[0,0],"7":[0,0],"8":[0,0],"9":[0,0],"10":[0,0],"11":[0,0],"12":[0,0],"13":[0,0],"14":[0,0],"15":[0,0],"16":[0,0],"17":[0,0],"18":[0,0],"19":[0,0],"20":[0,0]},"f":{"1":0,"2":0,"3":0,"4":0,"5":0,"6":0,"7":0,"8":0,"9":0,"10":0,"11":0,"12":0,"13":0},"fnMap":{"1":{"name":"onlyOwners","line":33,"loc":{"start":{"line":33,"column":4},"end":{"line":43,"column":4}}},"2":{"name":"confirmated","line":45,"loc":{"start":{"line":45,"column":4},"end":{"line":48,"column":4}}},"3":{"name":"notExecuted","line":50,"loc":{"start":{"line":50,"column":4},"end":{"line":53,"column":4}}},"4":{"name":"constructor","line":55,"loc":{"start":{"line":55,"column":4},"end":{"line":65,"column":4}}},"5":{"name":"submitTransaction","line":67,"loc":{"start":{"line":67,"column":4},"end":{"line":80,"column":4}}},"6":{"name":"confirmTransaction","line":82,"loc":{"start":{"line":82,"column":4},"end":{"line":95,"column":4}}},"7":{"name":"_executeTransaction","line":97,"loc":{"start":{"line":97,"column":4},"end":{"line":106,"column":4}}},"8":{"name":"getTransaction","line":108,"loc":{"start":{"line":108,"column":4},"end":{"line":110,"column":4}}},"9":{"name":"getConfirmationCount","line":112,"loc":{"start":{"line":112,"column":4},"end":{"line":114,"column":4}}},"10":{"name":"isConfirmed","line":116,"loc":{"start":{"line":116,"column":4},"end":{"line":118,"column":4}}},"11":{"name":"addOwner","line":120,"loc":{"start":{"line":120,"column":4},"end":{"line":125,"column":4}}},"12":{"name":"removeOwner","line":127,"loc":{"start":{"line":127,"column":4},"end":{"line":141,"column":4}}},"13":{"name":"changeRequirement","line":143,"loc":{"start":{"line":143,"column":4},"end":{"line":146,"column":4}}}},"statementMap":{"1":{"start":{"line":34,"column":8},"end":{"line":34,"column":33}},"2":{"start":{"line":35,"column":8},"end":{"line":35,"column":1173}},"3":{"start":{"line":36,"column":12},"end":{"line":36,"column":1235}},"4":{"start":{"line":41,"column":8},"end":{"line":41,"column":44}},"5":{"start":{"line":46,"column":8},"end":{"line":46,"column":85}},"6":{"start":{"line":51,"column":8},"end":{"line":51,"column":85}},"7":{"start":{"line":56,"column":8},"end":{"line":56,"column":64}},"8":{"start":{"line":57,"column":8},"end":{"line":57,"column":94}},"9":{"start":{"line":62,"column":8},"end":{"line":62,"column":2057}},"10":{"start":{"line":68,"column":8},"end":{"line":68,"column":50}},"11":{"start":{"line":79,"column":8},"end":{"line":79,"column":71}},"12":{"start":{"line":83,"column":8},"end":{"line":83,"column":69}},"13":{"start":{"line":85,"column":8},"end":{"line":85,"column":90}},"14":{"start":{"line":90,"column":8},"end":{"line":90,"column":60}},"15":{"start":{"line":92,"column":8},"end":{"line":92,"column":3123}},"16":{"start":{"line":93,"column":12},"end":{"line":93,"column":45}},"17":{"start":{"line":98,"column":8},"end":{"line":98,"column":69}},"18":{"start":{"line":102,"column":8},"end":{"line":102,"column":90}},"19":{"start":{"line":103,"column":8},"end":{"line":103,"column":55}},"20":{"start":{"line":105,"column":8},"end":{"line":105,"column":59}},"21":{"start":{"line":109,"column":8},"end":{"line":109,"column":42}},"22":{"start":{"line":113,"column":8},"end":{"line":113,"column":59}},"23":{"start":{"line":117,"column":8},"end":{"line":117,"column":50}},"24":{"start":{"line":121,"column":8},"end":{"line":121,"column":54}},"25":{"start":{"line":123,"column":8},"end":{"line":123,"column":28}},"26":{"start":{"line":128,"column":8},"end":{"line":128,"column":54}},"27":{"start":{"line":129,"column":8},"end":{"line":129,"column":61}},"28":{"start":{"line":134,"column":8},"end":{"line":134,"column":4645}},"29":{"start":{"line":135,"column":12},"end":{"line":135,"column":4707}},"30":{"start":{"line":140,"column":8},"end":{"line":140,"column":19}},"31":{"start":{"line":144,"column":8},"end":{"line":144,"column":97}}},"branchMap":{"1":{"line":36,"type":"if","locations":[{"start":{"line":36,"column":12},"end":{"line":36,"column":12}},{"start":{"line":36,"column":12},"end":{"line":36,"column":12}}]},"2":{"line":41,"type":"if","locations":[{"start":{"line":41,"column":8},"end":{"line":41,"column":8}},{"start":{"line":41,"column":8},"end":{"line":41,"column":8}}]},"3":{"line":46,"type":"if","locations":[{"start":{"line":46,"column":8},"end":{"line":46,"column":8}},{"start":{"line":46,"column":8},"end":{"line":46,"column":8}}]},"4":{"line":51,"type":"if","locations":[{"start":{"line":51,"column":8},"end":{"line":51,"column":8}},{"start":{"line":51,"column":8},"end":{"line":51,"column":8}}]},"5":{"line":56,"type":"if","locations":[{"start":{"line":56,"column":8},"end":{"line":56,"column":8}},{"start":{"line":56,"column":8},"end":{"line":56,"column":8}}]},"6":{"line":57,"type":"if","locations":[{"start":{"line":57,"column":8},"end":{"line":57,"column":8}},{"start":{"line":57,"column":8},"end":{"line":57,"column":8}}]},"7":{"line":67,"type":"if","locations":[{"start":{"line":67,"column":86},"end":{"line":67,"column":86}},{"start":{"line":67,"column":86},"end":{"line":67,"column":86}}]},"8":{"line":82,"type":"if","locations":[{"start":{"line":82,"column":64},"end":{"line":82,"column":64}},{"start":{"line":82,"column":64},"end":{"line":82,"column":64}}]},"9":{"line":82,"type":"if","locations":[{"start":{"line":82,"column":75},"end":{"line":82,"column":75}},{"start":{"line":82,"column":75},"end":{"line":82,"column":75}}]},"10":{"line":85,"type":"if","locations":[{"start":{"line":85,"column":8},"end":{"line":85,"column":8}},{"start":{"line":85,"column":8},"end":{"line":85,"column":8}}]},"11":{"line":92,"type":"if","locations":[{"start":{"line":92,"column":8},"end":{"line":92,"column":8}},{"start":{"line":92,"column":8},"end":{"line":92,"column":8}}]},"12":{"line":103,"type":"if","locations":[{"start":{"line":103,"column":8},"end":{"line":103,"column":8}},{"start":{"line":103,"column":8},"end":{"line":103,"column":8}}]},"13":{"line":120,"type":"if","locations":[{"start":{"line":120,"column":49},"end":{"line":120,"column":49}},{"start":{"line":120,"column":49},"end":{"line":120,"column":49}}]},"14":{"line":121,"type":"if","locations":[{"start":{"line":121,"column":8},"end":{"line":121,"column":8}},{"start":{"line":121,"column":8},"end":{"line":121,"column":8}}]},"15":{"line":127,"type":"if","locations":[{"start":{"line":127,"column":57},"end":{"line":127,"column":57}},{"start":{"line":127,"column":57},"end":{"line":127,"column":57}}]},"16":{"line":128,"type":"if","locations":[{"start":{"line":128,"column":8},"end":{"line":128,"column":8}},{"start":{"line":128,"column":8},"end":{"line":128,"column":8}}]},"17":{"line":129,"type":"if","locations":[{"start":{"line":129,"column":8},"end":{"line":129,"column":8}},{"start":{"line":129,"column":8},"end":{"line":129,"column":8}}]},"18":{"line":135,"type":"if","locations":[{"start":{"line":135,"column":12},"end":{"line":135,"column":12}},{"start":{"line":135,"column":12},"end":{"line":135,"column":12}}]},"19":{"line":143,"type":"if","locations":[{"start":{"line":143,"column":61},"end":{"line":143,"column":61}},{"start":{"line":143,"column":61},"end":{"line":143,"column":61}}]},"20":{"line":144,"type":"if","locations":[{"start":{"line":144,"column":8},"end":{"line":144,"column":8}},{"start":{"line":144,"column":8},"end":{"line":144,"column":8}}]}}},
"contracts\\FinBridgeRewards.sol":{"l":{"24":0,"25":0,"26":0,"27":0,"31":0,"32":0,"33":0,"37":0,"38":0,"39":0,"40":0,"41":0,"45":0,"46":0,"47":0,"51":0,"52":0,"54":0,"55":0,"56":0,"58":0,"59":0,"92":0,"95":0,"96":0,"97":0,"98":0,"102":0,"103":0,"107":0,"108":0,"112":0,"113":0,"115":0,"116":0,"118":0,"119":0,"120":0,"123":0,"125":0,"130":0,"131":0,"133":0,"135":0,"137":0,"142":0,"143":0,"145":0,"146":0,"148":0,"152":0,"153":0,"157":0},"path":"C:\\Users\\ASUS\\OneDrive\\Desktop\\FinBridge\\backend\\contracts\\FinBridgeRewards.sol","s":{"1":0,"2":0,"3":0,"4":0,"5":0,"6":0,"7":0,"8":0,"9":0,"10":0,"11":0,"12":0,"13":0,"14":0,"15":0,"16":0,"17":0,"18":0,"19":0,"20":0,"21":0,"22":0,"23":0,"24":0,"25":0,"26":0,"27":0,"28":0,"29":0,"30":0,"31":0,"32":0,"33":0,"34":0},"b":{"1":[0,0],"2":[0,0],"3":[0,0],"4":[0,0],"5":[0,0],"6":[0,0],"7":[0,0],"8":[0,0],"9":[0,0]},"f":{"1":0,"2":0,"3":0,"4":0,"5":0,"6":0,"7":0,"8":0,"9":0,"10":0,"11":0,"12":0,"13":0},"fnMap":{"1":{"name":"constructor","line":23,"loc":{"start":{"line":23,"column":4},"end":{"line":28,"column":4}}},"2":{"name":"mint","line":30,"loc":{"start":{"line":30,"column":4},"end":{"line":34,"column":4}}},"3":{"name":"transfer","line":36,"loc":{"start":{"line":36,"column":4},"end":{"line":42,"column":4}}},"4":{"name":"approve","line":44,"loc":{"start":{"line":44,"column":4},"end":{"line":48,"column":4}}},"5":{"name":"transferFrom","line":50,"loc":{"start":{"line":50,"column":4},"end":{"line":60,"column":4}}},"6":{"name":"constructor","line":91,"loc":{"start":{"line":91,"column":4},"end":{"line":99,"column":4}}},"7":{"name":"incrementLoanCount","line":101,"loc":{"start":{"line":101,"column":4},"end":{"line":104,"column":4}}},"8":{"name":"incrementLentAmount","line":106,"loc":{"start":{"line":106,"column":4},"end":{"line":109,"column":4}}},"9":{"name":"_calculateAndAwardRewards","line":111,"loc":{"start":{"line":111,"column":4},"end":{"line":127,"column":4}}},"10":{"name":"_getUserTier","line":129,"loc":{"start":{"line":129,"column":4},"end":{"line":139,"column":4}}},"11":{"name":"claimRewards","line":141,"loc":{"start":{"line":141,"column":4},"end":{"line":149,"column":4}}},"12":{"name":"getUserTier","line":151,"loc":{"start":{"line":151,"column":4},"end":{"line":154,"column":4}}},"13":{"name":"getUserRewards","line":156,"loc":{"start":{"line":156,"column":4},"end":{"line":158,"column":4}}}},"statementMap":{"1":{"start":{"line":33,"column":8},"end":{"line":33,"column":45}},"2":{"start":{"line":37,"column":8},"end":{"line":37,"column":71}},"3":{"start":{"line":40,"column":8},"end":{"line":40,"column":45}},"4":{"start":{"line":41,"column":8},"end":{"line":41,"column":19}},"5":{"start":{"line":46,"column":8},"end":{"line":46,"column":50}},"6":{"start":{"line":47,"column":8},"end":{"line":47,"column":19}},"7":{"start":{"line":51,"column":8},"end":{"line":51,"column":65}},"8":{"start":{"line":52,"column":8},"end":{"line":52,"column":79}},"9":{"start":{"line":58,"column":8},"end":{"line":58,"column":39}},"10":{"start":{"line":59,"column":8},"end":{"line":59,"column":19}},"11":{"start":{"line":103,"column":8},"end":{"line":103,"column":42}},"12":{"start":{"line":108,"column":8},"end":{"line":108,"column":40}},"13":{"start":{"line":112,"column":8},"end":{"line":112,"column":43}},"14":{"start":{"line":113,"column":8},"end":{"line":113,"column":43}},"15":{"start":{"line":115,"column":8},"end":{"line":115,"column":48}},"16":{"start":{"line":116,"column":8},"end":{"line":116,"column":85}},"17":{"start":{"line":118,"column":8},"end":{"line":118,"column":4040}},"18":{"start":{"line":119,"column":12},"end":{"line":119,"column":64}},"19":{"start":{"line":123,"column":12},"end":{"line":123,"column":45}},"20":{"start":{"line":125,"column":12},"end":{"line":125,"column":52}},"21":{"start":{"line":130,"column":8},"end":{"line":130,"column":4476}},"22":{"start":{"line":131,"column":12},"end":{"line":131,"column":32}},"23":{"start":{"line":132,"column":15},"end":{"line":132,"column":4564}},"24":{"start":{"line":133,"column":12},"end":{"line":133,"column":28}},"25":{"start":{"line":134,"column":15},"end":{"line":134,"column":4647}},"26":{"start":{"line":135,"column":12},"end":{"line":135,"column":30}},"27":{"start":{"line":137,"column":12},"end":{"line":137,"column":30}},"28":{"start":{"line":142,"column":8},"end":{"line":142,"column":58}},"29":{"start":{"line":143,"column":8},"end":{"line":143,"column":69}},"30":{"start":{"line":146,"column":8},"end":{"line":146,"column":58}},"31":{"start":{"line":148,"column":8},"end":{"line":148,"column":56}},"32":{"start":{"line":152,"column":8},"end":{"line":152,"column":78}},"33":{"start":{"line":153,"column":8},"end":{"line":153,"column":49}},"34":{"start":{"line":157,"column":8},"end":{"line":157,"column":32}}},"branchMap":{"1":{"line":37,"type":"if","locations":[{"start":{"line":37,"column":8},"end":{"line":37,"column":8}},{"start":{"line":37,"column":8},"end":{"line":37,"column":8}}]},"2":{"line":51,"type":"if","locations":[{"start":{"line":51,"column":8},"end":{"line":51,"column":8}},{"start":{"line":51,"column":8},"end":{"line":51,"column":8}}]},"3":{"line":52,"type":"if","locations":[{"start":{"line":52,"column":8},"end":{"line":52,"column":8}},{"start":{"line":52,"column":8},"end":{"line":52,"column":8}}]},"4":{"line":118,"type":"if","locations":[{"start":{"line":118,"column":8},"end":{"line":118,"column":8}},{"start":{"line":118,"column":8},"end":{"line":118,"column":8}}]},"5":{"line":130,"type":"if","locations":[{"start":{"line":130,"column":8},"end":{"line":130,"column":8}},{"start":{"line":130,"column":8},"end":{"line":130,"column":8}}]},"6":{"line":132,"type":"if","locations":[{"start":{"line":132,"column":15},"end":{"line":132,"column":15}},{"start":{"line":132,"column":15},"end":{"line":132,"column":15}}]},"7":{"line":134,"type":"if","locations":[{"start":{"line":134,"column":15},"end":{"line":134,"column":15}},{"start":{"line":134,"column":15},"end":{"line":134,"column":15}}]},"8":{"line":141,"type":"if","locations":[{"start":{"line":141,"column":37},"end":{"line":141,"column":37}},{"start":{"line":141,"column":37},"end":{"line":141,"column":37}}]},"9":{"line":143,"type":"if","locations":[{"start":{"line":143,"column":8},"end":{"line":143,"column":8}},{"start":{"line":143,"column":8},"end":{"line":143,"column":8}}]}}},
"contracts\\FinBridgeStaking.sol":{"l":{"37":0,"38":0,"39":0,"41":0,"43":0,"53":0,"54":0,"56":0,"60":0,"61":0,"63":0,"64":0,"66":0,"67":0,"68":0,"70":0,"71":0,"73":0,"74":0,"75":0,"80":0,"82":0,"84":0,"85":0,"86":0,"88":0,"89":0,"91":0,"96":0,"98":0,"99":0,"100":0,"101":0,"103":0,"107":0,"111":0,"115":0},"path":"C:\\Users\\ASUS\\OneDrive\\Desktop\\FinBridge\\backend\\contracts\\FinBridgeStaking.sol","s":{"1":0,"2":0,"3":0,"4":0,"5":0,"6":0,"7":0,"8":0,"9":0,"10":0,"11":0,"12":0,"13":0,"14":0,"15":0,"16":0,"17":0,"18":0,"19":0,"20":0,"21":0,"22":0,"23":0,"24":0,"25":0,"26":0,"27":0,"28":0,"29":0,"30":0},"b":{"1":[0,0],"2":[0,0],"3":[0,0],"4":[0,0],"5":[0,0],"6":[0,0],"7":[0,0],"8":[0,0],"9":[0,0],"10":[0,0],"11":[0,0],"12":[0,0],"13":[0,0],"14":[0,0]},"f":{"1":0,"2":0,"3":0,"4":0,"5":0,"6":0,"7":0},"fnMap":{"1":{"name":"stakeTokens","line":36,"loc":{"start":{"line":36,"column":4},"end":{"line":57,"column":4}}},"2":{"name":"unstakeTokens","line":59,"loc":{"start":{"line":59,"column":4},"end":{"line":77,"column":4}}},"3":{"name":"claimRewards","line":79,"loc":{"start":{"line":79,"column":4},"end":{"line":93,"column":4}}},"4":{"name":"calculateRewards","line":95,"loc":{"start":{"line":95,"column":4},"end":{"line":104,"column":4}}},"5":{"name":"getStake","line":106,"loc":{"start":{"line":106,"column":4},"end":{"line":108,"column":4}}},"6":{"name":"getPendingRewards","line":110,"loc":{"start":{"line":110,"column":4},"end":{"line":112,"column":4}}},"7":{"name":"getTotalStaked","line":114,"loc":{"start":{"line":114,"column":4},"end":{"line":116,"column":4}}}},"statementMap":{"1":{"start":{"line":37,"column":8},"end":{"line":37,"column":75}},"2":{"start":{"line":38,"column":8},"end":{"line":38,"column":98}},"3":{"start":{"line":39,"column":8},"end":{"line":39,"column":74}},"4":{"start":{"line":41,"column":8},"end":{"line":41,"column":64}},"5":{"start":{"line":56,"column":8},"end":{"line":56,"column":69}},"6":{"start":{"line":60,"column":8},"end":{"line":60,"column":68}},"7":{"start":{"line":61,"column":8},"end":{"line":61,"column":129}},"8":{"start":{"line":63,"column":8},"end":{"line":63,"column":52}},"9":{"start":{"line":64,"column":8},"end":{"line":64,"column":54}},"10":{"start":{"line":70,"column":8},"end":{"line":70,"column":81}},"11":{"start":{"line":71,"column":8},"end":{"line":71,"column":42}},"12":{"start":{"line":73,"column":8},"end":{"line":73,"column":57}},"13":{"start":{"line":74,"column":8},"end":{"line":74,"column":2863}},"14":{"start":{"line":75,"column":12},"end":{"line":75,"column":52}},"15":{"start":{"line":80,"column":8},"end":{"line":80,"column":68}},"16":{"start":{"line":82,"column":8},"end":{"line":82,"column":54}},"17":{"start":{"line":84,"column":8},"end":{"line":84,"column":3162}},"18":{"start":{"line":88,"column":12},"end":{"line":88,"column":66}},"19":{"start":{"line":89,"column":12},"end":{"line":89,"column":46}},"20":{"start":{"line":91,"column":12},"end":{"line":91,"column":52}},"21":{"start":{"line":96,"column":8},"end":{"line":96,"column":46}},"22":{"start":{"line":96,"column":38},"end":{"line":96,"column":46}},"23":{"start":{"line":98,"column":8},"end":{"line":98,"column":48}},"24":{"start":{"line":99,"column":8},"end":{"line":99,"column":72}},"25":{"start":{"line":100,"column":8},"end":{"line":100,"column":71}},"26":{"start":{"line":101,"column":8},"end":{"line":101,"column":73}},"27":{"start":{"line":103,"column":8},"end":{"line":103,"column":22}},"28":{"start":{"line":107,"column":8},"end":{"line":107,"column":29}},"29":{"start":{"line":111,"column":8},"end":{"line":111,"column":39}},"30":{"start":{"line":115,"column":8},"end":{"line":115,"column":32}}},"branchMap":{"1":{"line":36,"type":"if","locations":[{"start":{"line":36,"column":81},"end":{"line":36,"column":81}},{"start":{"line":36,"column":81},"end":{"line":36,"column":81}}]},"2":{"line":37,"type":"if","locations":[{"start":{"line":37,"column":8},"end":{"line":37,"column":8}},{"start":{"line":37,"column":8},"end":{"line":37,"column":8}}]},"3":{"line":38,"type":"if","locations":[{"start":{"line":38,"column":8},"end":{"line":38,"column":8}},{"start":{"line":38,"column":8},"end":{"line":38,"column":8}}]},"4":{"line":39,"type":"if","locations":[{"start":{"line":39,"column":8},"end":{"line":39,"column":8}},{"start":{"line":39,"column":8},"end":{"line":39,"column":8}}]},"5":{"line":59,"type":"if","locations":[{"start":{"line":59,"column":38},"end":{"line":59,"column":38}},{"start":{"line":59,"column":38},"end":{"line":59,"column":38}}]},"6":{"line":60,"type":"if","locations":[{"start":{"line":60,"column":8},"end":{"line":60,"column":8}},{"start":{"line":60,"column":8},"end":{"line":60,"column":8}}]},"7":{"line":61,"type":"if","locations":[{"start":{"line":61,"column":8},"end":{"line":61,"column":8}},{"start":{"line":61,"column":8},"end":{"line":61,"column":8}}]},"8":{"line":71,"type":"if","locations":[{"start":{"line":71,"column":8},"end":{"line":71,"column":8}},{"start":{"line":71,"column":8},"end":{"line":71,"column":8}}]},"9":{"line":74,"type":"if","locations":[{"start":{"line":74,"column":8},"end":{"line":74,"column":8}},{"start":{"line":74,"column":8},"end":{"line":74,"column":8}}]},"10":{"line":79,"type":"if","locations":[{"start":{"line":79,"column":37},"end":{"line":79,"column":37}},{"start":{"line":79,"column":37},"end":{"line":79,"column":37}}]},"11":{"line":80,"type":"if","locations":[{"start":{"line":80,"column":8},"end":{"line":80,"column":8}},{"start":{"line":80,"column":8},"end":{"line":80,"column":8}}]},"12":{"line":84,"type":"if","locations":[{"start":{"line":84,"column":8},"end":{"line":84,"column":8}},{"start":{"line":84,"column":8},"end":{"line":84,"column":8}}]},"13":{"line":89,"type":"if","locations":[{"start":{"line":89,"column":12},"end":{"line":89,"column":12}},{"start":{"line":89,"column":12},"end":{"line":89,"column":12}}]},"14":{"line":96,"type":"if","locations":[{"start":{"line":96,"column":8},"end":{"line":96,"column":8}},{"start":{"line":96,"column":8},"end":{"line":96,"column":8}}]}}},
"contracts\\FinBridgeYieldFarming.sol":{"l":{"45":0,"53":0,"57":0,"58":0,"60":0,"62":0,"72":0,"73":0,"75":0,"76":0,"80":0,"81":0,"83":0,"84":0,"86":0,"88":0,"89":0,"90":0,"92":0,"93":0,"95":0,"100":0,"102":0,"103":0,"105":0,"106":0,"107":0,"110":0,"114":0,"118":0,"122":0},"path":"C:\\Users\\ASUS\\OneDrive\\Desktop\\FinBridge\\backend\\contracts\\FinBridgeYieldFarming.sol","s":{"1":0,"2":0,"3":0,"4":0,"5":0,"6":0,"7":0,"8":0,"9":0,"10":0,"11":0,"12":0,"13":0,"14":0,"15":0,"16":0,"17":0,"18":0,"19":0,"20":0,"21":0,"22":0,"23":0},"b":{"1":[0,0],"2":[0,0],"3":[0,0],"4":[0,0],"5":[0,0],"6":[0,0],"7":[0,0],"8":[0,0],"9":[0,0],"10":[0,0],"11":[0,0]},"f":{"1":0,"2":0,"3":0,"4":0,"5":0,"6":0,"7":0},"fnMap":{"1":{"name":"addPool","line":44,"loc":{"start":{"line":44,"column":4},"end":{"line":54,"column":4}}},"2":{"name":"createFarm","line":56,"loc":{"start":{"line":56,"column":4},"end":{"line":77,"column":4}}},"3":{"name":"harvest","line":79,"loc":{"start":{"line":79,"column":4},"end":{"line":97,"column":4}}},"4":{"name":"calculatePendingReward","line":99,"loc":{"start":{"line":99,"column":4},"end":{"line":111,"column":4}}},"5":{"name":"getFarm","line":113,"loc":{"start":{"line":113,"column":4},"end":{"line":115,"column":4}}},"6":{"name":"getPendingReward","line":117,"loc":{"start":{"line":117,"column":4},"end":{"line":119,"column":4}}},"7":{"name":"getPoolInfo","line":121,"loc":{"start":{"line":121,"column":4},"end":{"line":123,"column":4}}}},"statementMap":{"1":{"start":{"line":57,"column":8},"end":{"line":57,"column":54}},"2":{"start":{"line":58,"column":8},"end":{"line":58,"column":64}},"3":{"start":{"line":60,"column":8},"end":{"line":60,"column":48}},"4":{"start":{"line":75,"column":8},"end":{"line":75,"column":58}},"5":{"start":{"line":80,"column":8},"end":{"line":80,"column":56}},"6":{"start":{"line":81,"column":8},"end":{"line":81,"column":67}},"7":{"start":{"line":83,"column":8},"end":{"line":83,"column":41}},"8":{"start":{"line":84,"column":8},"end":{"line":84,"column":48}},"9":{"start":{"line":86,"column":8},"end":{"line":86,"column":74}},"10":{"start":{"line":88,"column":8},"end":{"line":88,"column":2820}},"11":{"start":{"line":92,"column":12},"end":{"line":92,"column":72}},"12":{"start":{"line":93,"column":12},"end":{"line":93,"column":46}},"13":{"start":{"line":95,"column":12},"end":{"line":95,"column":61}},"14":{"start":{"line":100,"column":8},"end":{"line":100,"column":45}},"15":{"start":{"line":100,"column":37},"end":{"line":100,"column":45}},"16":{"start":{"line":102,"column":8},"end":{"line":102,"column":41}},"17":{"start":{"line":103,"column":8},"end":{"line":103,"column":48}},"18":{"start":{"line":105,"column":8},"end":{"line":105,"column":58}},"19":{"start":{"line":106,"column":8},"end":{"line":106,"column":3501}},"20":{"start":{"line":110,"column":8},"end":{"line":110,"column":80}},"21":{"start":{"line":114,"column":8},"end":{"line":114,"column":28}},"22":{"start":{"line":118,"column":8},"end":{"line":118,"column":51}},"23":{"start":{"line":122,"column":8},"end":{"line":122,"column":31}}},"branchMap":{"1":{"line":44,"type":"if","locations":[{"start":{"line":44,"column":67},"end":{"line":44,"column":67}},{"start":{"line":44,"column":67},"end":{"line":44,"column":67}}]},"2":{"line":56,"type":"if","locations":[{"start":{"line":56,"column":67},"end":{"line":56,"column":67}},{"start":{"line":56,"column":67},"end":{"line":56,"column":67}}]},"3":{"line":57,"type":"if","locations":[{"start":{"line":57,"column":8},"end":{"line":57,"column":8}},{"start":{"line":57,"column":8},"end":{"line":57,"column":8}}]},"4":{"line":58,"type":"if","locations":[{"start":{"line":58,"column":8},"end":{"line":58,"column":8}},{"start":{"line":58,"column":8},"end":{"line":58,"column":8}}]},"5":{"line":79,"type":"if","locations":[{"start":{"line":79,"column":46},"end":{"line":79,"column":46}},{"start":{"line":79,"column":46},"end":{"line":79,"column":46}}]},"6":{"line":80,"type":"if","locations":[{"start":{"line":80,"column":8},"end":{"line":80,"column":8}},{"start":{"line":80,"column":8},"end":{"line":80,"column":8}}]},"7":{"line":81,"type":"if","locations":[{"start":{"line":81,"column":8},"end":{"line":81,"column":8}},{"start":{"line":81,"column":8},"end":{"line":81,"column":8}}]},"8":{"line":88,"type":"if","locations":[{"start":{"line":88,"column":8},"end":{"line":88,"column":8}},{"start":{"line":88,"column":8},"end":{"line":88,"column":8}}]},"9":{"line":93,"type":"if","locations":[{"start":{"line":93,"column":12},"end":{"line":93,"column":12}},{"start":{"line":93,"column":12},"end":{"line":93,"column":12}}]},"10":{"line":100,"type":"if","locations":[{"start":{"line":100,"column":8},"end":{"line":100,"column":8}},{"start":{"line":100,"column":8},"end":{"line":100,"column":8}}]},"11":{"line":106,"type":"if","locations":[{"start":{"line":106,"column":8},"end":{"line":106,"column":8}},{"start":{"line":106,"column":8},"end":{"line":106,"column":8}}]}}},
"contracts\\LoanMarketplace.sol":{"l":{"60":0,"61":0,"65":0,"66":0,"70":0,"71":0,"75":0,"76":0,"80":0,"81":0,"85":0,"86":0,"94":0,"97":0,"99":0,"102":0,"105":0,"108":0,"111":0,"114":0,"118":0,"120":0,"123":0,"126":0,"129":0,"132":0,"136":0,"137":0,"139":0,"140":0,"143":0,"147":0,"148":0,"149":0,"153":0,"165":0,"167":0,"170":0,"171":0,"172":0,"174":0,"188":0,"190":0,"207":0,"208":0,"209":0,"211":0,"212":0,"213":0,"215":0,"216":0,"217":0,"219":0,"220":0,"222":0,"237":0,"238":0,"240":0,"254":0,"255":0,"257":0,"258":0,"260":0,"262":0,"263":0,"265":0,"270":0,"277":0,"278":0,"281":0,"282":0,"285":0,"290":0,"291":0,"292":0,"293":0,"296":0,"297":0,"301":0,"305":0,"309":0,"313":0,"318":0,"322":0,"327":0,"328":0},"path":"C:\\Users\\ASUS\\OneDrive\\Desktop\\FinBridge\\backend\\contracts\\LoanMarketplace.sol","s":{"1":0,"2":0,"3":0,"4":0,"5":0,"6":0,"7":0,"8":0,"9":0,"10":0,"11":0,"12":0,"13":0,"14":0,"15":0,"16":0,"17":0,"18":0,"19":0,"20":0,"21":0,"22":0,"23":0,"24":0,"25":0,"26":0,"27":0,"28":0,"29":0,"30":0,"31":0,"32":0,"33":0,"34":0,"35":0,"36":0,"37":0,"38":0,"39":0,"40":0,"41":0,"42":0,"43":0,"44":0,"45":0,"46":0,"47":0,"48":0,"49":0,"50":0,"51":0,"52":0,"53":0,"54":0,"55":0,"56":0,"57":0,"58":0,"59":0,"60":0,"61":0,"62":0,"63":0,"64":0},"b":{"1":[0,0],"2":[0,0],"3":[0,0],"4":[0,0],"5":[0,0],"6":[0,0],"7":[0,0],"8":[0,0],"9":[0,0],"10":[0,0],"11":[0,0],"12":[0,0],"13":[0,0],"14":[0,0],"15":[0,0],"16":[0,0],"17":[0,0],"18":[0,0],"19":[0,0],"20":[0,0],"21":[0,0],"22":[0,0],"23":[0,0],"24":[0,0],"25":[0,0],"26":[0,0],"27":[0,0],"28":[0,0],"29":[0,0],"30":[0,0],"31":[0,0],"32":[0,0],"33":[0,0],"34":[0,0],"35":[0,0],"36":[0,0],"37":[0,0],"38":[0,0],"39":[0,0],"40":[0,0],"41":[0,0],"42":[0,0],"43":[0,0],"44":[0,0],"45":[0,0],"46":[0,0],"47":[0,0],"48":[0,0],"49":[0,0],"50":[0,0],"51":[0,0],"52":[0,0],"53":[0,0]},"f":{"1":0,"2":0,"3":0,"4":0,"5":0,"6":0,"7":0,"8":0,"9":0,"10":0,"11":0,"12":0,"13":0,"14":0,"15":0,"16":0,"17":0,"18":0,"19":0,"20":0,"21":0,"22":0},"fnMap":{"1":{"name":"onlyConnectedWallet","line":59,"loc":{"start":{"line":59,"column":4},"end":{"line":62,"column":4}}},"2":{"name":"onlyBorrower","line":64,"loc":{"start":{"line":64,"column":4},"end":{"line":67,"column":4}}},"3":{"name":"loanExists","line":69,"loc":{"start":{"line":69,"column":4},"end":{"line":72,"column":4}}},"4":{"name":"loanActive","line":74,"loc":{"start":{"line":74,"column":4},"end":{"line":77,"column":4}}},"5":{"name":"loanNotFunded","line":79,"loc":{"start":{"line":79,"column":4},"end":{"line":82,"column":4}}},"6":{"name":"loanNotExpired","line":84,"loc":{"start":{"line":84,"column":4},"end":{"line":87,"column":4}}},"7":{"name":"calculateInterestRate","line":93,"loc":{"start":{"line":93,"column":4},"end":{"line":133,"column":4}}},"8":{"name":"connectWallet","line":135,"loc":{"start":{"line":135,"column":4},"end":{"line":144,"column":4}}},"9":{"name":"disconnectWallet","line":146,"loc":{"start":{"line":146,"column":4},"end":{"line":150,"column":4}}},"10":{"name":"isWalletConnected","line":152,"loc":{"start":{"line":152,"column":4},"end":{"line":154,"column":4}}},"11":{"name":"createLoanRequest","line":163,"loc":{"start":{"line":159,"column":4},"end":{"line":191,"column":4}}},"12":{"name":"fundLoan","line":205,"loc":{"start":{"line":196,"column":4},"end":{"line":223,"column":4}}},"13":{"name":"withdrawLoanRequest","line":235,"loc":{"start":{"line":228,"column":4},"end":{"line":241,"column":4}}},"14":{"name":"repayLoan","line":252,"loc":{"start":{"line":246,"column":4},"end":{"line":266,"column":4}}},"15":{"name":"getLoanRequest","line":269,"loc":{"start":{"line":269,"column":4},"end":{"line":271,"column":4}}},"16":{"name":"getActiveLoanRequests","line":276,"loc":{"start":{"line":276,"column":4},"end":{"line":302,"column":4}}},"17":{"name":"getUserLoanRequests","line":304,"loc":{"start":{"line":304,"column":4},"end":{"line":306,"column":4}}},"18":{"name":"getUserFundedLoans","line":308,"loc":{"start":{"line":308,"column":4},"end":{"line":310,"column":4}}},"19":{"name":"getUserStats","line":312,"loc":{"start":{"line":312,"column":4},"end":{"line":314,"column":4}}},"20":{"name":"pause","line":317,"loc":{"start":{"line":317,"column":4},"end":{"line":319,"column":4}}},"21":{"name":"unpause","line":321,"loc":{"start":{"line":321,"column":4},"end":{"line":323,"column":4}}},"22":{"name":"emergencyWithdraw","line":326,"loc":{"start":{"line":326,"column":4},"end":{"line":329,"column":4}}}},"statementMap":{"1":{"start":{"line":60,"column":8},"end":{"line":60,"column":68}},"2":{"start":{"line":65,"column":8},"end":{"line":65,"column":100}},"3":{"start":{"line":70,"column":8},"end":{"line":70,"column":75}},"4":{"start":{"line":75,"column":8},"end":{"line":75,"column":75}},"5":{"start":{"line":80,"column":8},"end":{"line":80,"column":72}},"6":{"start":{"line":85,"column":8},"end":{"line":85,"column":92}},"7":{"start":{"line":94,"column":8},"end":{"line":94,"column":49}},"8":{"start":{"line":97,"column":8},"end":{"line":97,"column":3521}},"9":{"start":{"line":100,"column":15},"end":{"line":100,"column":3646}},"10":{"start":{"line":103,"column":15},"end":{"line":103,"column":3796}},"11":{"start":{"line":106,"column":15},"end":{"line":106,"column":3923}},"12":{"start":{"line":109,"column":15},"end":{"line":109,"column":4052}},"13":{"start":{"line":112,"column":15},"end":{"line":112,"column":4183}},"14":{"start":{"line":118,"column":8},"end":{"line":118,"column":4385}},"15":{"start":{"line":121,"column":15},"end":{"line":121,"column":4512}},"16":{"start":{"line":124,"column":15},"end":{"line":124,"column":4642}},"17":{"start":{"line":127,"column":15},"end":{"line":127,"column":4774}},"18":{"start":{"line":132,"column":8},"end":{"line":132,"column":27}},"19":{"start":{"line":136,"column":8},"end":{"line":136,"column":73}},"20":{"start":{"line":139,"column":8},"end":{"line":139,"column":5175}},"21":{"start":{"line":143,"column":8},"end":{"line":143,"column":40}},"22":{"start":{"line":147,"column":8},"end":{"line":147,"column":68}},"23":{"start":{"line":149,"column":8},"end":{"line":149,"column":43}},"24":{"start":{"line":153,"column":8},"end":{"line":153,"column":37}},"25":{"start":{"line":165,"column":8},"end":{"line":165,"column":5990}},"26":{"start":{"line":167,"column":8},"end":{"line":167,"column":6128}},"27":{"start":{"line":170,"column":8},"end":{"line":170,"column":80}},"28":{"start":{"line":171,"column":8},"end":{"line":171,"column":37}},"29":{"start":{"line":172,"column":8},"end":{"line":172,"column":53}},"30":{"start":{"line":188,"column":8},"end":{"line":188,"column":50}},"31":{"start":{"line":190,"column":8},"end":{"line":190,"column":93}},"32":{"start":{"line":207,"column":8},"end":{"line":207,"column":55}},"33":{"start":{"line":208,"column":8},"end":{"line":208,"column":72}},"34":{"start":{"line":209,"column":8},"end":{"line":209,"column":71}},"35":{"start":{"line":215,"column":8},"end":{"line":215,"column":49}},"36":{"start":{"line":219,"column":8},"end":{"line":219,"column":67}},"37":{"start":{"line":220,"column":8},"end":{"line":220,"column":54}},"38":{"start":{"line":222,"column":8},"end":{"line":222,"column":71}},"39":{"start":{"line":237,"column":8},"end":{"line":237,"column":55}},"40":{"start":{"line":240,"column":8},"end":{"line":240,"column":53}},"41":{"start":{"line":254,"column":8},"end":{"line":254,"column":55}},"42":{"start":{"line":255,"column":8},"end":{"line":255,"column":51}},"43":{"start":{"line":257,"column":8},"end":{"line":257,"column":86}},"44":{"start":{"line":258,"column":8},"end":{"line":258,"column":79}},"45":{"start":{"line":262,"column":8},"end":{"line":262,"column":65}},"46":{"start":{"line":263,"column":8},"end":{"line":263,"column":52}},"47":{"start":{"line":265,"column":8},"end":{"line":265,"column":59}},"48":{"start":{"line":270,"column":8},"end":{"line":270,"column":35}},"49":{"start":{"line":277,"column":8},"end":{"line":277,"column":25}},"50":{"start":{"line":278,"column":8},"end":{"line":278,"column":43}},"51":{"start":{"line":281,"column":8},"end":{"line":281,"column":9751}},"52":{"start":{"line":282,"column":12},"end":{"line":282,"column":9811}},"53":{"start":{"line":290,"column":8},"end":{"line":290,"column":59}},"54":{"start":{"line":291,"column":8},"end":{"line":291,"column":25}},"55":{"start":{"line":292,"column":8},"end":{"line":292,"column":10167}},"56":{"start":{"line":293,"column":12},"end":{"line":293,"column":10227}},"57":{"start":{"line":301,"column":8},"end":{"line":301,"column":26}},"58":{"start":{"line":305,"column":8},"end":{"line":305,"column":39}},"59":{"start":{"line":309,"column":8},"end":{"line":309,"column":38}},"60":{"start":{"line":313,"column":8},"end":{"line":313,"column":65}},"61":{"start":{"line":318,"column":8},"end":{"line":318,"column":15}},"62":{"start":{"line":322,"column":8},"end":{"line":322,"column":17}},"63":{"start":{"line":327,"column":8},"end":{"line":327,"column":73}},"64":{"start":{"line":328,"column":8},"end":{"line":328,"column":54}}},"branchMap":{"1":{"line":60,"type":"if","locations":[{"start":{"line":60,"column":8},"end":{"line":60,"column":8}},{"start":{"line":60,"column":8},"end":{"line":60,"column":8}}]},"2":{"line":65,"type":"if","locations":[{"start":{"line":65,"column":8},"end":{"line":65,"column":8}},{"start":{"line":65,"column":8},"end":{"line":65,"column":8}}]},"3":{"line":70,"type":"if","locations":[{"start":{"line":70,"column":8},"end":{"line":70,"column":8}},{"start":{"line":70,"column":8},"end":{"line":70,"column":8}}]},"4":{"line":75,"type":"if","locations":[{"start":{"line":75,"column":8},"end":{"line":75,"column":8}},{"start":{"line":75,"column":8},"end":{"line":75,"column":8}}]},"5":{"line":80,"type":"if","locations":[{"start":{"line":80,"column":8},"end":{"line":80,"column":8}},{"start":{"line":80,"column":8},"end":{"line":80,"column":8}}]},"6":{"line":85,"type":"if","locations":[{"start":{"line":85,"column":8},"end":{"line":85,"column":8}},{"start":{"line":85,"column":8},"end":{"line":85,"column":8}}]},"7":{"line":97,"type":"if","locations":[{"start":{"line":97,"column":8},"end":{"line":97,"column":8}},{"start":{"line":97,"column":8},"end":{"line":97,"column":8}}]},"8":{"line":100,"type":"if","locations":[{"start":{"line":100,"column":15},"end":{"line":100,"column":15}},{"start":{"line":100,"column":15},"end":{"line":100,"column":15}}]},"9":{"line":103,"type":"if","locations":[{"start":{"line":103,"column":15},"end":{"line":103,"column":15}},{"start":{"line":103,"column":15},"end":{"line":103,"column":15}}]},"10":{"line":106,"type":"if","locations":[{"start":{"line":106,"column":15},"end":{"line":106,"column":15}},{"start":{"line":106,"column":15},"end":{"line":106,"column":15}}]},"11":{"line":109,"type":"if","locations":[{"start":{"line":109,"column":15},"end":{"line":109,"column":15}},{"start":{"line":109,"column":15},"end":{"line":109,"column":15}}]},"12":{"line":112,"type":"if","locations":[{"start":{"line":112,"column":15},"end":{"line":112,"column":15}},{"start":{"line":112,"column":15},"end":{"line":112,"column":15}}]},"13":{"line":118,"type":"if","locations":[{"start":{"line":118,"column":8},"end":{"line":118,"column":8}},{"start":{"line":118,"column":8},"end":{"line":118,"column":8}}]},"14":{"line":121,"type":"if","locations":[{"start":{"line":121,"column":15},"end":{"line":121,"column":15}},{"start":{"line":121,"column":15},"end":{"line":121,"column":15}}]},"15":{"line":124,"type":"if","locations":[{"start":{"line":124,"column":15},"end":{"line":124,"column":15}},{"start":{"line":124,"column":15},"end":{"line":124,"column":15}}]},"16":{"line":127,"type":"if","locations":[{"start":{"line":127,"column":15},"end":{"line":127,"column":15}},{"start":{"line":127,"column":15},"end":{"line":127,"column":15}}]},"17":{"line":136,"type":"if","locations":[{"start":{"line":136,"column":8},"end":{"line":136,"column":8}},{"start":{"line":136,"column":8},"end":{"line":136,"column":8}}]},"18":{"line":139,"type":"if","locations":[{"start":{"line":139,"column":8},"end":{"line":139,"column":8}},{"start":{"line":139,"column":8},"end":{"line":139,"column":8}}]},"19":{"line":147,"type":"if","locations":[{"start":{"line":147,"column":8},"end":{"line":147,"column":8}},{"start":{"line":147,"column":8},"end":{"line":147,"column":8}}]},"20":{"line":161,"type":"if","locations":[{"start":{"line":161,"column":8},"end":{"line":161,"column":8}},{"start":{"line":161,"column":8},"end":{"line":161,"column":8}}]},"21":{"line":162,"type":"if","locations":[{"start":{"line":162,"column":8},"end":{"line":162,"column":8}},{"start":{"line":162,"column":8},"end":{"line":162,"column":8}}]},"22":{"line":163,"type":"if","locations":[{"start":{"line":163,"column":8},"end":{"line":163,"column":8}},{"start":{"line":163,"column":8},"end":{"line":163,"column":8}}]},"23":{"line":165,"type":"if","locations":[{"start":{"line":165,"column":8},"end":{"line":165,"column":8}},{"start":{"line":165,"column":8},"end":{"line":165,"column":8}}]},"24":{"line":167,"type":"if","locations":[{"start":{"line":167,"column":8},"end":{"line":167,"column":8}},{"start":{"line":167,"column":8},"end":{"line":167,"column":8}}]},"25":{"line":199,"type":"if","locations":[{"start":{"line":199,"column":8},"end":{"line":199,"column":8}},{"start":{"line":199,"column":8},"end":{"line":199,"column":8}}]},"26":{"line":200,"type":"if","locations":[{"start":{"line":200,"column":8},"end":{"line":200,"column":8}},{"start":{"line":200,"column":8},"end":{"line":200,"column":8}}]},"27":{"line":201,"type":"if","locations":[{"start":{"line":201,"column":8},"end":{"line":201,"column":8}},{"start":{"line":201,"column":8},"end":{"line":201,"column":8}}]},"28":{"line":202,"type":"if","locations":[{"start":{"line":202,"column":8},"end":{"line":202,"column":8}},{"start":{"line":202,"column":8},"end":{"line":202,"column":8}}]},"29":{"line":203,"type":"if","locations":[{"start":{"line":203,"column":8},"end":{"line":203,"column":8}},{"start":{"line":203,"column":8},"end":{"line":203,"column":8}}]},"30":{"line":204,"type":"if","locations":[{"start":{"line":204,"column":8},"end":{"line":204,"column":8}},{"start":{"line":204,"column":8},"end":{"line":204,"column":8}}]},"31":{"line":205,"type":"if","locations":[{"start":{"line":205,"column":8},"end":{"line":205,"column":8}},{"start":{"line":205,"column":8},"end":{"line":205,"column":8}}]},"32":{"line":208,"type":"if","locations":[{"start":{"line":208,"column":8},"end":{"line":208,"column":8}},{"start":{"line":208,"column":8},"end":{"line":208,"column":8}}]},"33":{"line":209,"type":"if","locations":[{"start":{"line":209,"column":8},"end":{"line":209,"column":8}},{"start":{"line":209,"column":8},"end":{"line":209,"column":8}}]},"34":{"line":220,"type":"if","locations":[{"start":{"line":220,"column":8},"end":{"line":220,"column":8}},{"start":{"line":220,"column":8},"end":{"line":220,"column":8}}]},"35":{"line":230,"type":"if","locations":[{"start":{"line":230,"column":8},"end":{"line":230,"column":8}},{"start":{"line":230,"column":8},"end":{"line":230,"column":8}}]},"36":{"line":231,"type":"if","locations":[{"start":{"line":231,"column":8},"end":{"line":231,"column":8}},{"start":{"line":231,"column":8},"end":{"line":231,"column":8}}]},"37":{"line":232,"type":"if","locations":[{"start":{"line":232,"column":8},"end":{"line":232,"column":8}},{"start":{"line":232,"column":8},"end":{"line":232,"column":8}}]},"38":{"line":233,"type":"if","locations":[{"start":{"line":233,"column":8},"end":{"line":233,"column":8}},{"start":{"line":233,"column":8},"end":{"line":233,"column":8}}]},"39":{"line":234,"type":"if","locations":[{"start":{"line":234,"column":8},"end":{"line":234,"column":8}},{"start":{"line":234,"column":8},"end":{"line":234,"column":8}}]},"40":{"line":235,"type":"if","locations":[{"start":{"line":235,"column":8},"end":{"line":235,"column":8}},{"start":{"line":235,"column":8},"end":{"line":235,"column":8}}]},"41":{"line":249,"type":"if","locations":[{"start":{"line":249,"column":8},"end":{"line":249,"column":8}},{"start":{"line":249,"column":8},"end":{"line":249,"column":8}}]},"42":{"line":250,"type":"if","locations":[{"start":{"line":250,"column":8},"end":{"line":250,"column":8}},{"start":{"line":250,"column":8},"end":{"line":250,"column":8}}]},"43":{"line":251,"type":"if","locations":[{"start":{"line":251,"column":8},"end":{"line":251,"column":8}},{"start":{"line":251,"column":8},"end":{"line":251,"column":8}}]},"44":{"line":252,"type":"if","locations":[{"start":{"line":252,"column":8},"end":{"line":252,"column":8}},{"start":{"line":252,"column":8},"end":{"line":252,"column":8}}]},"45":{"line":255,"type":"if","locations":[{"start":{"line":255,"column":8},"end":{"line":255,"column":8}},{"start":{"line":255,"column":8},"end":{"line":255,"column":8}}]},"46":{"line":258,"type":"if","locations":[{"start":{"line":258,"column":8},"end":{"line":258,"column":8}},{"start":{"line":258,"column":8},"end":{"line":258,"column":8}}]},"47":{"line":263,"type":"if","locations":[{"start":{"line":263,"column":8},"end":{"line":263,"column":8}},{"start":{"line":263,"column":8},"end":{"line":263,"column":8}}]},"48":{"line":282,"type":"if","locations":[{"start":{"line":282,"column":12},"end":{"line":282,"column":12}},{"start":{"line":282,"column":12},"end":{"line":282,"column":12}}]},"49":{"line":293,"type":"if","locations":[{"start":{"line":293,"column":12},"end":{"line":293,"column":12}},{"start":{"line":293,"column":12},"end":{"line":293,"column":12}}]},"50":{"line":317,"type":"if","locations":[{"start":{"line":317,"column":30},"end":{"line":317,"column":30}},{"start":{"line":317,"column":30},"end":{"line":317,"column":30}}]},"51":{"line":321,"type":"if","locations":[{"start":{"line":321,"column":32},"end":{"line":321,"column":32}},{"start":{"line":321,"column":32},"end":{"line":321,"column":32}}]},"52":{"line":326,"type":"if","locations":[{"start":{"line":326,"column":42},"end":{"line":326,"column":42}},{"start":{"line":326,"column":42},"end":{"line":326,"column":42}}]},"53":{"line":328,"type":"if","locations":[{"start":{"line":328,"column":8},"end":{"line":328,"column":8}},{"start":{"line":328,"column":8},"end":{"line":328,"column":8}}]}}}}
