TN:
SF:C:\Users\ASUS\OneDrive\Desktop\FinBridge\backend\contracts\FinBridgeAnalytics.sol
FN:43,constructor
FN:57,recordLoanCreation
FN:78,recordLoanFunding
FN:86,recordInterestPayment
FN:92,_recordDailyStats
FN:118,getMetrics
FN:122,getDailyStats
FN:126,getUserStats
FNF:8
FNH:0
FNDA:0,constructor
FNDA:0,recordLoanCreation
FNDA:0,recordLoanFunding
FNDA:0,recordInterestPayment
FNDA:0,_recordDailyStats
FNDA:0,getMetrics
FNDA:0,getDailyStats
FNDA:0,getUserStats
DA:44,0
DA:58,0
DA:59,0
DA:62,0
DA:65,0
DA:66,0
DA:67,0
DA:70,0
DA:71,0
DA:73,0
DA:75,0
DA:79,0
DA:80,0
DA:81,0
DA:83,0
DA:87,0
DA:88,0
DA:89,0
DA:93,0
DA:95,0
DA:96,0
DA:105,0
DA:106,0
DA:107,0
DA:108,0
DA:112,0
DA:113,0
DA:115,0
DA:119,0
DA:123,0
DA:127,0
LF:31
LH:0
BRDA:65,1,0,0
BRDA:65,1,1,0
BRDA:95,2,0,0
BRDA:95,2,1,0
BRDA:105,3,0,0
BRDA:105,3,1,0
BRDA:107,4,0,0
BRDA:107,4,1,0
BRF:8
BRH:0
end_of_record
TN:
SF:C:\Users\ASUS\OneDrive\Desktop\FinBridge\backend\contracts\FinBridgeExtensions.sol
FN:27,requestLoanExtension
FN:48,getExtension
FN:52,getUserExtensions
FNF:3
FNH:0
FNDA:0,requestLoanExtension
FNDA:0,getExtension
FNDA:0,getUserExtensions
DA:28,0
DA:29,0
DA:31,0
DA:33,0
DA:43,0
DA:45,0
DA:49,0
DA:53,0
LF:8
LH:0
BRDA:28,1,0,0
BRDA:28,1,1,0
BRDA:29,2,0,0
BRDA:29,2,1,0
BRF:4
BRH:0
end_of_record
TN:
SF:C:\Users\ASUS\OneDrive\Desktop\FinBridge\backend\contracts\FinBridgeGovernance.sol
FN:43,createProposal
FN:63,vote
FN:80,executeProposal
FN:90,getProposal
FN:94,getUserVotes
FNF:5
FNH:0
FNDA:0,createProposal
FNDA:0,vote
FNDA:0,executeProposal
FNDA:0,getProposal
FNDA:0,getUserVotes
DA:44,0
DA:45,0
DA:47,0
DA:49,0
DA:60,0
DA:64,0
DA:65,0
DA:66,0
DA:67,0
DA:69,0
DA:71,0
DA:72,0
DA:74,0
DA:77,0
DA:81,0
DA:82,0
DA:83,0
DA:85,0
DA:87,0
DA:91,0
DA:95,0
DA:96,0
DA:98,0
DA:99,0
DA:100,0
DA:101,0
DA:105,0
LF:27
LH:0
BRDA:44,1,0,0
BRDA:44,1,1,0
BRDA:45,2,0,0
BRDA:45,2,1,0
BRDA:64,3,0,0
BRDA:64,3,1,0
BRDA:65,4,0,0
BRDA:65,4,1,0
BRDA:66,5,0,0
BRDA:66,5,1,0
BRDA:67,6,0,0
BRDA:67,6,1,0
BRDA:71,7,0,0
BRDA:71,7,1,0
BRDA:81,8,0,0
BRDA:81,8,1,0
BRDA:82,9,0,0
BRDA:82,9,1,0
BRDA:83,10,0,0
BRDA:83,10,1,0
BRDA:99,11,0,0
BRDA:99,11,1,0
BRF:22
BRH:0
end_of_record
TN:
SF:C:\Users\ASUS\OneDrive\Desktop\FinBridge\backend\contracts\FinBridgeInsurance.sol
FN:35,createInsurancePolicy
FN:62,processClaim
FN:78,getPolicy
FN:82,getUserPolicies
FN:86,getInsurancePool
FNF:5
FNH:0
FNDA:0,createInsurancePolicy
FNDA:0,processClaim
FNDA:0,getPolicy
FNDA:0,getUserPolicies
FNDA:0,getInsurancePool
DA:36,0
DA:37,0
DA:38,0
DA:40,0
DA:41,0
DA:43,0
DA:45,0
DA:57,0
DA:59,0
DA:63,0
DA:64,0
DA:66,0
DA:67,0
DA:68,0
DA:70,0
DA:72,0
DA:73,0
DA:75,0
DA:79,0
DA:83,0
DA:87,0
LF:21
LH:0
BRDA:35,1,0,0
BRDA:35,1,1,0
BRDA:36,2,0,0
BRDA:36,2,1,0
BRDA:37,3,0,0
BRDA:37,3,1,0
BRDA:38,4,0,0
BRDA:38,4,1,0
BRDA:62,5,0,0
BRDA:62,5,1,0
BRDA:62,6,0,0
BRDA:62,6,1,0
BRDA:63,7,0,0
BRDA:63,7,1,0
BRDA:64,8,0,0
BRDA:64,8,1,0
BRDA:73,9,0,0
BRDA:73,9,1,0
BRF:18
BRH:0
end_of_record
TN:
SF:C:\Users\ASUS\OneDrive\Desktop\FinBridge\backend\contracts\FinBridgeLending.sol
FN:54,onlyConnectedWallet
FN:59,onlyBorrower
FN:64,loanExists
FN:69,loanActive
FN:74,loanNotFunded
FN:79,loanNotExpired
FN:85,connectWallet
FN:96,disconnectWallet
FN:102,isWalletConnected
FN:110,calculateInterestRate
FN:157,createLoanRequest
FN:199,fundLoan
FN:227,withdrawLoanRequest
FN:241,repayLoan
FN:259,getLoanRequest
FN:263,getActiveLoanRequests
FN:291,getUserLoanRequests
FN:295,getUserFundedLoans
FN:299,getUserStats
FN:304,pause
FN:308,unpause
FN:313,emergencyWithdraw
FNF:22
FNH:19
FNDA:42,onlyConnectedWallet
FNDA:7,onlyBorrower
FNDA:14,loanExists
FNDA:11,loanActive
FNDA:11,loanNotFunded
FNDA:9,loanNotExpired
FNDA:46,connectWallet
FNDA:2,disconnectWallet
FNDA:2,isWalletConnected
FNDA:32,calculateInterestRate
FNDA:30,createLoanRequest
FNDA:9,fundLoan
FNDA:1,withdrawLoanRequest
FNDA:3,repayLoan
FNDA:5,getLoanRequest
FNDA:2,getActiveLoanRequests
FNDA:2,getUserLoanRequests
FNDA:0,getUserFundedLoans
FNDA:0,getUserStats
FNDA:2,pause
FNDA:1,unpause
FNDA:0,emergencyWithdraw
DA:55,42
DA:56,39
DA:60,7
DA:61,5
DA:65,14
DA:66,14
DA:70,11
DA:71,11
DA:75,11
DA:76,10
DA:80,9
DA:81,9
DA:86,46
DA:87,44
DA:89,44
DA:90,44
DA:93,44
DA:97,2
DA:98,1
DA:99,1
DA:103,2
DA:111,32
DA:114,32
DA:116,1
DA:119,25
DA:122,0
DA:125,1
DA:128,0
DA:131,4
DA:135,32
DA:137,26
DA:140,2
DA:143,1
DA:146,3
DA:149,32
DA:160,30
DA:162,27
DA:166,25
DA:168,25
DA:169,25
DA:171,25
DA:185,25
DA:187,25
DA:201,9
DA:202,9
DA:203,8
DA:205,7
DA:206,7
DA:207,7
DA:209,7
DA:210,7
DA:211,7
DA:214,7
DA:215,7
DA:217,7
DA:229,1
DA:230,1
DA:232,1
DA:243,3
DA:244,3
DA:246,2
DA:247,2
DA:249,0
DA:252,0
DA:253,0
DA:255,0
DA:260,5
DA:264,2
DA:265,2
DA:268,2
DA:269,4
DA:272,4
DA:277,2
DA:278,2
DA:279,2
DA:280,4
DA:283,4
DA:284,4
DA:288,2
DA:292,2
DA:296,0
DA:300,0
DA:305,2
DA:309,1
DA:314,0
DA:315,0
LF:86
LH:76
BRDA:55,1,0,39
BRDA:55,1,1,3
BRDA:60,2,0,5
BRDA:60,2,1,2
BRDA:65,3,0,14
BRDA:65,3,1,0
BRDA:70,4,0,11
BRDA:70,4,1,0
BRDA:75,5,0,10
BRDA:75,5,1,1
BRDA:80,6,0,9
BRDA:80,6,1,0
BRDA:86,7,0,44
BRDA:86,7,1,2
BRDA:89,8,0,44
BRDA:89,8,1,0
BRDA:97,9,0,1
BRDA:97,9,1,1
BRDA:114,10,0,1
BRDA:114,10,1,31
BRDA:117,11,0,25
BRDA:117,11,1,6
BRDA:120,12,0,0
BRDA:120,12,1,6
BRDA:123,13,0,1
BRDA:123,13,1,5
BRDA:126,14,0,0
BRDA:126,14,1,5
BRDA:129,15,0,4
BRDA:129,15,1,1
BRDA:135,16,0,26
BRDA:135,16,1,6
BRDA:138,17,0,2
BRDA:138,17,1,4
BRDA:141,18,0,1
BRDA:141,18,1,3
BRDA:144,19,0,3
BRDA:144,19,1,0
BRDA:155,20,0,30
BRDA:155,20,1,1
BRDA:156,21,0,30
BRDA:156,21,1,0
BRDA:157,22,0,30
BRDA:157,22,1,0
BRDA:160,23,0,27
BRDA:160,23,1,3
BRDA:162,24,0,25
BRDA:162,24,1,2
BRDA:193,25,0,9
BRDA:193,25,1,2
BRDA:194,26,0,9
BRDA:194,26,1,0
BRDA:195,27,0,9
BRDA:195,27,1,0
BRDA:196,28,0,9
BRDA:196,28,1,0
BRDA:197,29,0,9
BRDA:197,29,1,0
BRDA:198,30,0,9
BRDA:198,30,1,0
BRDA:199,31,0,9
BRDA:199,31,1,0
BRDA:202,32,0,8
BRDA:202,32,1,1
BRDA:203,33,0,7
BRDA:203,33,1,1
BRDA:215,34,0,7
BRDA:215,34,1,0
BRDA:222,35,0,2
BRDA:222,35,1,1
BRDA:223,36,0,2
BRDA:223,36,1,0
BRDA:224,37,0,2
BRDA:224,37,1,0
BRDA:225,38,0,1
BRDA:225,38,1,1
BRDA:226,39,0,1
BRDA:226,39,1,0
BRDA:227,40,0,1
BRDA:227,40,1,0
BRDA:238,41,0,3
BRDA:238,41,1,1
BRDA:239,42,0,3
BRDA:239,42,1,0
BRDA:240,43,0,3
BRDA:240,43,1,0
BRDA:241,44,0,3
BRDA:241,44,1,0
BRDA:244,45,0,2
BRDA:244,45,1,1
BRDA:247,46,0,0
BRDA:247,46,1,2
BRDA:253,47,0,0
BRDA:253,47,1,0
BRDA:269,48,0,4
BRDA:269,48,1,0
BRDA:280,49,0,4
BRDA:280,49,1,0
BRDA:304,50,0,2
BRDA:304,50,1,1
BRDA:308,51,0,1
BRDA:308,51,1,0
BRDA:313,52,0,0
BRDA:313,52,1,0
BRDA:315,53,0,0
BRDA:315,53,1,0
BRF:106
BRH:73
end_of_record
TN:
SF:C:\Users\ASUS\OneDrive\Desktop\FinBridge\backend\contracts\FinBridgeMultiSig.sol
FN:33,onlyOwners
FN:45,confirmated
FN:50,notExecuted
FN:55,constructor
FN:67,submitTransaction
FN:82,confirmTransaction
FN:97,_executeTransaction
FN:108,getTransaction
FN:112,getConfirmationCount
FN:116,isConfirmed
FN:120,addOwner
FN:127,removeOwner
FN:143,changeRequirement
FNF:13
FNH:0
FNDA:0,onlyOwners
FNDA:0,confirmated
FNDA:0,notExecuted
FNDA:0,constructor
FNDA:0,submitTransaction
FNDA:0,confirmTransaction
FNDA:0,_executeTransaction
FNDA:0,getTransaction
FNDA:0,getConfirmationCount
FNDA:0,isConfirmed
FNDA:0,addOwner
FNDA:0,removeOwner
FNDA:0,changeRequirement
DA:34,0
DA:35,0
DA:36,0
DA:37,0
DA:38,0
DA:41,0
DA:42,0
DA:46,0
DA:47,0
DA:51,0
DA:52,0
DA:56,0
DA:57,0
DA:59,0
DA:60,0
DA:62,0
DA:63,0
DA:68,0
DA:70,0
DA:79,0
DA:83,0
DA:85,0
DA:87,0
DA:88,0
DA:90,0
DA:92,0
DA:93,0
DA:98,0
DA:100,0
DA:102,0
DA:103,0
DA:105,0
DA:109,0
DA:113,0
DA:117,0
DA:121,0
DA:123,0
DA:124,0
DA:128,0
DA:129,0
DA:131,0
DA:134,0
DA:135,0
DA:136,0
DA:137,0
DA:140,0
DA:144,0
DA:145,0
LF:48
LH:0
BRDA:36,1,0,0
BRDA:36,1,1,0
BRDA:41,2,0,0
BRDA:41,2,1,0
BRDA:46,3,0,0
BRDA:46,3,1,0
BRDA:51,4,0,0
BRDA:51,4,1,0
BRDA:56,5,0,0
BRDA:56,5,1,0
BRDA:57,6,0,0
BRDA:57,6,1,0
BRDA:67,7,0,0
BRDA:67,7,1,0
BRDA:82,8,0,0
BRDA:82,8,1,0
BRDA:82,9,0,0
BRDA:82,9,1,0
BRDA:85,10,0,0
BRDA:85,10,1,0
BRDA:92,11,0,0
BRDA:92,11,1,0
BRDA:103,12,0,0
BRDA:103,12,1,0
BRDA:120,13,0,0
BRDA:120,13,1,0
BRDA:121,14,0,0
BRDA:121,14,1,0
BRDA:127,15,0,0
BRDA:127,15,1,0
BRDA:128,16,0,0
BRDA:128,16,1,0
BRDA:129,17,0,0
BRDA:129,17,1,0
BRDA:135,18,0,0
BRDA:135,18,1,0
BRDA:143,19,0,0
BRDA:143,19,1,0
BRDA:144,20,0,0
BRDA:144,20,1,0
BRF:40
BRH:0
end_of_record
TN:
SF:C:\Users\ASUS\OneDrive\Desktop\FinBridge\backend\contracts\FinBridgeRewards.sol
FN:23,constructor
FN:30,mint
FN:36,transfer
FN:44,approve
FN:50,transferFrom
FN:91,constructor
FN:101,incrementLoanCount
FN:106,incrementLentAmount
FN:111,_calculateAndAwardRewards
FN:129,_getUserTier
FN:141,claimRewards
FN:151,getUserTier
FN:156,getUserRewards
FNF:13
FNH:0
FNDA:0,constructor
FNDA:0,mint
FNDA:0,transfer
FNDA:0,approve
FNDA:0,transferFrom
FNDA:0,constructor
FNDA:0,incrementLoanCount
FNDA:0,incrementLentAmount
FNDA:0,_calculateAndAwardRewards
FNDA:0,_getUserTier
FNDA:0,claimRewards
FNDA:0,getUserTier
FNDA:0,getUserRewards
DA:24,0
DA:25,0
DA:26,0
DA:27,0
DA:31,0
DA:32,0
DA:33,0
DA:37,0
DA:38,0
DA:39,0
DA:40,0
DA:41,0
DA:45,0
DA:46,0
DA:47,0
DA:51,0
DA:52,0
DA:54,0
DA:55,0
DA:56,0
DA:58,0
DA:59,0
DA:92,0
DA:95,0
DA:96,0
DA:97,0
DA:98,0
DA:102,0
DA:103,0
DA:107,0
DA:108,0
DA:112,0
DA:113,0
DA:115,0
DA:116,0
DA:118,0
DA:119,0
DA:120,0
DA:123,0
DA:125,0
DA:130,0
DA:131,0
DA:133,0
DA:135,0
DA:137,0
DA:142,0
DA:143,0
DA:145,0
DA:146,0
DA:148,0
DA:152,0
DA:153,0
DA:157,0
LF:53
LH:0
BRDA:37,1,0,0
BRDA:37,1,1,0
BRDA:51,2,0,0
BRDA:51,2,1,0
BRDA:52,3,0,0
BRDA:52,3,1,0
BRDA:118,4,0,0
BRDA:118,4,1,0
BRDA:130,5,0,0
BRDA:130,5,1,0
BRDA:132,6,0,0
BRDA:132,6,1,0
BRDA:134,7,0,0
BRDA:134,7,1,0
BRDA:141,8,0,0
BRDA:141,8,1,0
BRDA:143,9,0,0
BRDA:143,9,1,0
BRF:18
BRH:0
end_of_record
TN:
SF:C:\Users\ASUS\OneDrive\Desktop\FinBridge\backend\contracts\FinBridgeStaking.sol
FN:36,stakeTokens
FN:59,unstakeTokens
FN:79,claimRewards
FN:95,calculateRewards
FN:106,getStake
FN:110,getPendingRewards
FN:114,getTotalStaked
FNF:7
FNH:0
FNDA:0,stakeTokens
FNDA:0,unstakeTokens
FNDA:0,claimRewards
FNDA:0,calculateRewards
FNDA:0,getStake
FNDA:0,getPendingRewards
FNDA:0,getTotalStaked
DA:37,0
DA:38,0
DA:39,0
DA:41,0
DA:43,0
DA:53,0
DA:54,0
DA:56,0
DA:60,0
DA:61,0
DA:63,0
DA:64,0
DA:66,0
DA:67,0
DA:68,0
DA:70,0
DA:71,0
DA:73,0
DA:74,0
DA:75,0
DA:80,0
DA:82,0
DA:84,0
DA:85,0
DA:86,0
DA:88,0
DA:89,0
DA:91,0
DA:96,0
DA:98,0
DA:99,0
DA:100,0
DA:101,0
DA:103,0
DA:107,0
DA:111,0
DA:115,0
LF:37
LH:0
BRDA:36,1,0,0
BRDA:36,1,1,0
BRDA:37,2,0,0
BRDA:37,2,1,0
BRDA:38,3,0,0
BRDA:38,3,1,0
BRDA:39,4,0,0
BRDA:39,4,1,0
BRDA:59,5,0,0
BRDA:59,5,1,0
BRDA:60,6,0,0
BRDA:60,6,1,0
BRDA:61,7,0,0
BRDA:61,7,1,0
BRDA:71,8,0,0
BRDA:71,8,1,0
BRDA:74,9,0,0
BRDA:74,9,1,0
BRDA:79,10,0,0
BRDA:79,10,1,0
BRDA:80,11,0,0
BRDA:80,11,1,0
BRDA:84,12,0,0
BRDA:84,12,1,0
BRDA:89,13,0,0
BRDA:89,13,1,0
BRDA:96,14,0,0
BRDA:96,14,1,0
BRF:28
BRH:0
end_of_record
TN:
SF:C:\Users\ASUS\OneDrive\Desktop\FinBridge\backend\contracts\FinBridgeYieldFarming.sol
FN:44,addPool
FN:56,createFarm
FN:79,harvest
FN:99,calculatePendingReward
FN:113,getFarm
FN:117,getPendingReward
FN:121,getPoolInfo
FNF:7
FNH:0
FNDA:0,addPool
FNDA:0,createFarm
FNDA:0,harvest
FNDA:0,calculatePendingReward
FNDA:0,getFarm
FNDA:0,getPendingReward
FNDA:0,getPoolInfo
DA:45,0
DA:53,0
DA:57,0
DA:58,0
DA:60,0
DA:62,0
DA:72,0
DA:73,0
DA:75,0
DA:76,0
DA:80,0
DA:81,0
DA:83,0
DA:84,0
DA:86,0
DA:88,0
DA:89,0
DA:90,0
DA:92,0
DA:93,0
DA:95,0
DA:100,0
DA:102,0
DA:103,0
DA:105,0
DA:106,0
DA:107,0
DA:110,0
DA:114,0
DA:118,0
DA:122,0
LF:31
LH:0
BRDA:44,1,0,0
BRDA:44,1,1,0
BRDA:56,2,0,0
BRDA:56,2,1,0
BRDA:57,3,0,0
BRDA:57,3,1,0
BRDA:58,4,0,0
BRDA:58,4,1,0
BRDA:79,5,0,0
BRDA:79,5,1,0
BRDA:80,6,0,0
BRDA:80,6,1,0
BRDA:81,7,0,0
BRDA:81,7,1,0
BRDA:88,8,0,0
BRDA:88,8,1,0
BRDA:93,9,0,0
BRDA:93,9,1,0
BRDA:100,10,0,0
BRDA:100,10,1,0
BRDA:106,11,0,0
BRDA:106,11,1,0
BRF:22
BRH:0
end_of_record
TN:
SF:C:\Users\ASUS\OneDrive\Desktop\FinBridge\backend\contracts\LoanMarketplace.sol
FN:59,onlyConnectedWallet
FN:64,onlyBorrower
FN:69,loanExists
FN:74,loanActive
FN:79,loanNotFunded
FN:84,loanNotExpired
FN:93,calculateInterestRate
FN:135,connectWallet
FN:146,disconnectWallet
FN:152,isWalletConnected
FN:163,createLoanRequest
FN:205,fundLoan
FN:235,withdrawLoanRequest
FN:252,repayLoan
FN:269,getLoanRequest
FN:276,getActiveLoanRequests
FN:304,getUserLoanRequests
FN:308,getUserFundedLoans
FN:312,getUserStats
FN:317,pause
FN:321,unpause
FN:326,emergencyWithdraw
FNF:22
FNH:0
FNDA:0,onlyConnectedWallet
FNDA:0,onlyBorrower
FNDA:0,loanExists
FNDA:0,loanActive
FNDA:0,loanNotFunded
FNDA:0,loanNotExpired
FNDA:0,calculateInterestRate
FNDA:0,connectWallet
FNDA:0,disconnectWallet
FNDA:0,isWalletConnected
FNDA:0,createLoanRequest
FNDA:0,fundLoan
FNDA:0,withdrawLoanRequest
FNDA:0,repayLoan
FNDA:0,getLoanRequest
FNDA:0,getActiveLoanRequests
FNDA:0,getUserLoanRequests
FNDA:0,getUserFundedLoans
FNDA:0,getUserStats
FNDA:0,pause
FNDA:0,unpause
FNDA:0,emergencyWithdraw
DA:60,0
DA:61,0
DA:65,0
DA:66,0
DA:70,0
DA:71,0
DA:75,0
DA:76,0
DA:80,0
DA:81,0
DA:85,0
DA:86,0
DA:94,0
DA:97,0
DA:99,0
DA:102,0
DA:105,0
DA:108,0
DA:111,0
DA:114,0
DA:118,0
DA:120,0
DA:123,0
DA:126,0
DA:129,0
DA:132,0
DA:136,0
DA:137,0
DA:139,0
DA:140,0
DA:143,0
DA:147,0
DA:148,0
DA:149,0
DA:153,0
DA:165,0
DA:167,0
DA:170,0
DA:171,0
DA:172,0
DA:174,0
DA:188,0
DA:190,0
DA:207,0
DA:208,0
DA:209,0
DA:211,0
DA:212,0
DA:213,0
DA:215,0
DA:216,0
DA:217,0
DA:219,0
DA:220,0
DA:222,0
DA:237,0
DA:238,0
DA:240,0
DA:254,0
DA:255,0
DA:257,0
DA:258,0
DA:260,0
DA:262,0
DA:263,0
DA:265,0
DA:270,0
DA:277,0
DA:278,0
DA:281,0
DA:282,0
DA:285,0
DA:290,0
DA:291,0
DA:292,0
DA:293,0
DA:296,0
DA:297,0
DA:301,0
DA:305,0
DA:309,0
DA:313,0
DA:318,0
DA:322,0
DA:327,0
DA:328,0
LF:86
LH:0
BRDA:60,1,0,0
BRDA:60,1,1,0
BRDA:65,2,0,0
BRDA:65,2,1,0
BRDA:70,3,0,0
BRDA:70,3,1,0
BRDA:75,4,0,0
BRDA:75,4,1,0
BRDA:80,5,0,0
BRDA:80,5,1,0
BRDA:85,6,0,0
BRDA:85,6,1,0
BRDA:97,7,0,0
BRDA:97,7,1,0
BRDA:100,8,0,0
BRDA:100,8,1,0
BRDA:103,9,0,0
BRDA:103,9,1,0
BRDA:106,10,0,0
BRDA:106,10,1,0
BRDA:109,11,0,0
BRDA:109,11,1,0
BRDA:112,12,0,0
BRDA:112,12,1,0
BRDA:118,13,0,0
BRDA:118,13,1,0
BRDA:121,14,0,0
BRDA:121,14,1,0
BRDA:124,15,0,0
BRDA:124,15,1,0
BRDA:127,16,0,0
BRDA:127,16,1,0
BRDA:136,17,0,0
BRDA:136,17,1,0
BRDA:139,18,0,0
BRDA:139,18,1,0
BRDA:147,19,0,0
BRDA:147,19,1,0
BRDA:161,20,0,0
BRDA:161,20,1,0
BRDA:162,21,0,0
BRDA:162,21,1,0
BRDA:163,22,0,0
BRDA:163,22,1,0
BRDA:165,23,0,0
BRDA:165,23,1,0
BRDA:167,24,0,0
BRDA:167,24,1,0
BRDA:199,25,0,0
BRDA:199,25,1,0
BRDA:200,26,0,0
BRDA:200,26,1,0
BRDA:201,27,0,0
BRDA:201,27,1,0
BRDA:202,28,0,0
BRDA:202,28,1,0
BRDA:203,29,0,0
BRDA:203,29,1,0
BRDA:204,30,0,0
BRDA:204,30,1,0
BRDA:205,31,0,0
BRDA:205,31,1,0
BRDA:208,32,0,0
BRDA:208,32,1,0
BRDA:209,33,0,0
BRDA:209,33,1,0
BRDA:220,34,0,0
BRDA:220,34,1,0
BRDA:230,35,0,0
BRDA:230,35,1,0
BRDA:231,36,0,0
BRDA:231,36,1,0
BRDA:232,37,0,0
BRDA:232,37,1,0
BRDA:233,38,0,0
BRDA:233,38,1,0
BRDA:234,39,0,0
BRDA:234,39,1,0
BRDA:235,40,0,0
BRDA:235,40,1,0
BRDA:249,41,0,0
BRDA:249,41,1,0
BRDA:250,42,0,0
BRDA:250,42,1,0
BRDA:251,43,0,0
BRDA:251,43,1,0
BRDA:252,44,0,0
BRDA:252,44,1,0
BRDA:255,45,0,0
BRDA:255,45,1,0
BRDA:258,46,0,0
BRDA:258,46,1,0
BRDA:263,47,0,0
BRDA:263,47,1,0
BRDA:282,48,0,0
BRDA:282,48,1,0
BRDA:293,49,0,0
BRDA:293,49,1,0
BRDA:317,50,0,0
BRDA:317,50,1,0
BRDA:321,51,0,0
BRDA:321,51,1,0
BRDA:326,52,0,0
BRDA:326,52,1,0
BRDA:328,53,0,0
BRDA:328,53,1,0
BRF:106
BRH:0
end_of_record
